<?xml version="1.0" ?>
<coverage version="6.1.2" timestamp="1636824223433" lines-valid="128" lines-covered="87" line-rate="0.6797" branches-covered="0" branches-valid="0" branch-rate="0" complexity="0">
	<!-- Generated by coverage.py: https://coverage.readthedocs.io -->
	<!-- Based on https://raw.githubusercontent.com/cobertura/web/master/htdocs/xml/coverage-04.dtd -->
	<sources>
		<source>test/server-test</source>
	</sources>
	<packages>
		<package name="." line-rate="0.6797" branch-rate="0" complexity="0">
			<classes>
				<class name="unitTest.py" filename="unitTest.py" complexity="0" line-rate="0.6797" branch-rate="0">
					<methods/>
					<lines>
						<line number="2" hits="1"/>
						<line number="4" hits="1"/>
						<line number="6" hits="1"/>
						<line number="8" hits="1"/>
						<line number="11" hits="1"/>
						<line number="12" hits="1"/>
						<line number="14" hits="1"/>
						<line number="16" hits="1"/>
						<line number="19" hits="1"/>
						<line number="22" hits="1"/>
						<line number="23" hits="0"/>
						<line number="25" hits="0"/>
						<line number="26" hits="0"/>
						<line number="27" hits="0"/>
						<line number="28" hits="0"/>
						<line number="29" hits="0"/>
						<line number="30" hits="0"/>
						<line number="33" hits="1"/>
						<line number="35" hits="1"/>
						<line number="36" hits="1"/>
						<line number="39" hits="1"/>
						<line number="42" hits="1"/>
						<line number="45" hits="1"/>
						<line number="48" hits="1"/>
						<line number="49" hits="1"/>
						<line number="52" hits="1"/>
						<line number="63" hits="1"/>
						<line number="76" hits="1"/>
						<line number="77" hits="1"/>
						<line number="82" hits="1"/>
						<line number="83" hits="1"/>
						<line number="84" hits="0"/>
						<line number="88" hits="0"/>
						<line number="91" hits="1"/>
						<line number="92" hits="0"/>
						<line number="96" hits="0"/>
						<line number="98" hits="1"/>
						<line number="102" hits="1"/>
						<line number="103" hits="0"/>
						<line number="107" hits="0"/>
						<line number="109" hits="1"/>
						<line number="110" hits="0"/>
						<line number="113" hits="1"/>
						<line number="114" hits="0"/>
						<line number="117" hits="0"/>
						<line number="118" hits="0"/>
						<line number="120" hits="1"/>
						<line number="121" hits="1"/>
						<line number="132" hits="1"/>
						<line number="138" hits="1"/>
						<line number="143" hits="1"/>
						<line number="144" hits="1"/>
						<line number="145" hits="1"/>
						<line number="147" hits="1"/>
						<line number="149" hits="1"/>
						<line number="150" hits="1"/>
						<line number="153" hits="1"/>
						<line number="155" hits="1"/>
						<line number="156" hits="1"/>
						<line number="167" hits="1"/>
						<line number="173" hits="1"/>
						<line number="178" hits="1"/>
						<line number="179" hits="1"/>
						<line number="180" hits="1"/>
						<line number="182" hits="1"/>
						<line number="184" hits="0"/>
						<line number="185" hits="0"/>
						<line number="188" hits="1"/>
						<line number="191" hits="1"/>
						<line number="193" hits="1"/>
						<line number="194" hits="1"/>
						<line number="197" hits="1"/>
						<line number="200" hits="1"/>
						<line number="203" hits="1"/>
						<line number="206" hits="1"/>
						<line number="207" hits="1"/>
						<line number="210" hits="1"/>
						<line number="221" hits="1"/>
						<line number="234" hits="1"/>
						<line number="235" hits="1"/>
						<line number="240" hits="1"/>
						<line number="241" hits="1"/>
						<line number="242" hits="0"/>
						<line number="246" hits="0"/>
						<line number="249" hits="1"/>
						<line number="250" hits="0"/>
						<line number="254" hits="0"/>
						<line number="256" hits="1"/>
						<line number="260" hits="1"/>
						<line number="261" hits="0"/>
						<line number="265" hits="0"/>
						<line number="267" hits="1"/>
						<line number="268" hits="0"/>
						<line number="271" hits="1"/>
						<line number="272" hits="0"/>
						<line number="275" hits="0"/>
						<line number="276" hits="0"/>
						<line number="278" hits="1"/>
						<line number="279" hits="1"/>
						<line number="282" hits="1"/>
						<line number="285" hits="1"/>
						<line number="288" hits="1"/>
						<line number="291" hits="1"/>
						<line number="292" hits="1"/>
						<line number="295" hits="1"/>
						<line number="313" hits="1"/>
						<line number="333" hits="1"/>
						<line number="334" hits="1"/>
						<line number="339" hits="1"/>
						<line number="340" hits="1"/>
						<line number="341" hits="0"/>
						<line number="345" hits="0"/>
						<line number="348" hits="1"/>
						<line number="349" hits="0"/>
						<line number="353" hits="0"/>
						<line number="355" hits="1"/>
						<line number="359" hits="1"/>
						<line number="360" hits="0"/>
						<line number="364" hits="0"/>
						<line number="366" hits="1"/>
						<line number="367" hits="0"/>
						<line number="370" hits="1"/>
						<line number="371" hits="0"/>
						<line number="374" hits="0"/>
						<line number="375" hits="0"/>
						<line number="378" hits="1"/>
						<line number="379" hits="0"/>
						<line number="380" hits="0"/>
					</lines>
				</class>
			</classes>
		</package>
	</packages>
</coverage>
