TN:
SF:src/API.js
FN:7,getProductInOrder
FN:18,(anonymous_1)
FN:21,getAllProductsByFarmers
FN:32,(anonymous_3)
FN:36,getProductsByFarmer
FN:49,(anonymous_5)
FN:52,getFarmer
FN:63,(anonymous_7)
FN:66,getAllUsers
FN:77,(anonymous_9)
FN:80,getAllProducts
FN:91,(anonymous_11)
FN:95,addOrder
FN:111,getOrders
FN:122,(anonymous_14)
FN:125,getClient
FN:139,getClientOrders
FN:152,(anonymous_17)
FN:155,userRegister
FN:169,userLogin
FN:189,userLogout
FN:204,getUserInfo
FN:217,modifyOrderStatus
FN:237,modifyWallet
FN:253,clientCheck
FN:270,createProduct
FN:285,farmerRegister
FN:297,addProduct
FN:314,deleteProduct
FN:331,modifyDelivery
FN:347,setPickUpTime
FN:365,setTimeMachine
FN:384,getMonthlyNotRetiredOrders
FN:401,(anonymous_33)
FN:404,getWeeklyNotRetiredOrders
FN:419,(anonymous_35)
FN:422,getNotRetiredOrder
FN:437,getProductsByOneFarmer
FN:448,(anonymous_38)
FN:451,confirmationOfProduct
FNF:40
FNH:0
FNDA:0,getProductInOrder
FNDA:0,(anonymous_1)
FNDA:0,getAllProductsByFarmers
FNDA:0,(anonymous_3)
FNDA:0,getProductsByFarmer
FNDA:0,(anonymous_5)
FNDA:0,getFarmer
FNDA:0,(anonymous_7)
FNDA:0,getAllUsers
FNDA:0,(anonymous_9)
FNDA:0,getAllProducts
FNDA:0,(anonymous_11)
FNDA:0,addOrder
FNDA:0,getOrders
FNDA:0,(anonymous_14)
FNDA:0,getClient
FNDA:0,getClientOrders
FNDA:0,(anonymous_17)
FNDA:0,userRegister
FNDA:0,userLogin
FNDA:0,userLogout
FNDA:0,getUserInfo
FNDA:0,modifyOrderStatus
FNDA:0,modifyWallet
FNDA:0,clientCheck
FNDA:0,createProduct
FNDA:0,farmerRegister
FNDA:0,addProduct
FNDA:0,deleteProduct
FNDA:0,modifyDelivery
FNDA:0,setPickUpTime
FNDA:0,setTimeMachine
FNDA:0,getMonthlyNotRetiredOrders
FNDA:0,(anonymous_33)
FNDA:0,getWeeklyNotRetiredOrders
FNDA:0,(anonymous_35)
FNDA:0,getNotRetiredOrder
FNDA:0,getProductsByOneFarmer
FNDA:0,(anonymous_38)
FNDA:0,confirmationOfProduct
DA:4,10
DA:8,0
DA:9,0
DA:10,0
DA:11,0
DA:12,0
DA:14,0
DA:16,0
DA:18,0
DA:22,0
DA:23,0
DA:24,0
DA:25,0
DA:26,0
DA:28,0
DA:30,0
DA:32,0
DA:37,0
DA:38,0
DA:39,0
DA:40,0
DA:41,0
DA:43,0
DA:45,0
DA:47,0
DA:49,0
DA:53,0
DA:54,0
DA:55,0
DA:56,0
DA:57,0
DA:59,0
DA:61,0
DA:63,0
DA:67,0
DA:68,0
DA:69,0
DA:70,0
DA:71,0
DA:73,0
DA:75,0
DA:77,0
DA:81,0
DA:82,0
DA:83,0
DA:84,0
DA:85,0
DA:87,0
DA:89,0
DA:91,0
DA:97,0
DA:105,0
DA:106,0
DA:108,0
DA:112,0
DA:113,0
DA:114,0
DA:115,0
DA:116,0
DA:118,0
DA:120,0
DA:122,0
DA:126,0
DA:127,0
DA:128,0
DA:129,0
DA:130,0
DA:132,0
DA:134,0
DA:136,0
DA:140,0
DA:142,0
DA:143,0
DA:144,0
DA:145,0
DA:147,0
DA:148,0
DA:150,0
DA:152,0
DA:157,0
DA:164,0
DA:170,0
DA:177,0
DA:178,0
DA:179,0
DA:180,0
DA:183,0
DA:186,0
DA:190,0
DA:194,0
DA:195,0
DA:196,0
DA:199,0
DA:200,0
DA:205,0
DA:206,0
DA:207,0
DA:208,0
DA:210,0
DA:219,0
DA:230,0
DA:231,0
DA:233,0
DA:239,0
DA:247,0
DA:248,0
DA:250,0
DA:255,0
DA:263,0
DA:264,0
DA:266,0
DA:271,0
DA:273,0
DA:274,0
DA:276,0
DA:281,0
DA:287,0
DA:294,0
DA:299,0
DA:307,0
DA:308,0
DA:310,0
DA:316,0
DA:324,0
DA:325,0
DA:327,0
DA:333,0
DA:341,0
DA:342,0
DA:344,0
DA:349,0
DA:357,0
DA:358,0
DA:360,0
DA:367,0
DA:375,0
DA:376,0
DA:377,0
DA:379,0
DA:380,0
DA:385,0
DA:387,0
DA:389,0
DA:391,0
DA:392,0
DA:394,0
DA:395,0
DA:397,0
DA:399,0
DA:401,0
DA:405,0
DA:407,0
DA:408,0
DA:409,0
DA:410,0
DA:412,0
DA:413,0
DA:415,0
DA:417,0
DA:419,0
DA:424,0
DA:425,0
DA:426,0
DA:427,0
DA:429,0
DA:431,0
DA:433,0
DA:438,0
DA:439,0
DA:440,0
DA:441,0
DA:442,0
DA:444,0
DA:446,0
DA:448,0
DA:453,0
DA:460,0
DA:461,0
DA:462,0
DA:465,10
LF:180
LH:2
BRDA:11,0,0,0
BRDA:11,0,1,0
BRDA:25,1,0,0
BRDA:25,1,1,0
BRDA:41,2,0,0
BRDA:41,2,1,0
BRDA:56,3,0,0
BRDA:56,3,1,0
BRDA:70,4,0,0
BRDA:70,4,1,0
BRDA:84,5,0,0
BRDA:84,5,1,0
BRDA:105,6,0,0
BRDA:105,6,1,0
BRDA:115,7,0,0
BRDA:115,7,1,0
BRDA:129,8,0,0
BRDA:129,8,1,0
BRDA:144,9,0,0
BRDA:144,9,1,0
BRDA:177,10,0,0
BRDA:177,10,1,0
BRDA:194,11,0,0
BRDA:194,11,1,0
BRDA:207,12,0,0
BRDA:207,12,1,0
BRDA:230,13,0,0
BRDA:230,13,1,0
BRDA:247,14,0,0
BRDA:247,14,1,0
BRDA:263,15,0,0
BRDA:263,15,1,0
BRDA:307,16,0,0
BRDA:307,16,1,0
BRDA:324,17,0,0
BRDA:324,17,1,0
BRDA:341,18,0,0
BRDA:341,18,1,0
BRDA:357,19,0,0
BRDA:357,19,1,0
BRDA:375,20,0,0
BRDA:375,20,1,0
BRDA:391,21,0,0
BRDA:391,21,1,0
BRDA:394,22,0,0
BRDA:394,22,1,0
BRDA:409,23,0,0
BRDA:409,23,1,0
BRDA:412,24,0,0
BRDA:412,24,1,0
BRDA:426,25,0,0
BRDA:426,25,1,0
BRDA:441,26,0,0
BRDA:441,26,1,0
BRDA:460,27,0,0
BRDA:460,27,1,0
BRF:56
BRH:0
end_of_record
TN:
SF:src/App.js
FN:20,App
FN:29,(anonymous_1)
FN:33,(anonymous_2)
FN:38,(anonymous_3)
FN:41,(anonymous_4)
FN:44,(anonymous_5)
FN:50,ReturnTimeMachine
FN:63,(anonymous_7)
FN:64,(anonymous_8)
FN:80,HandleToast
FN:89,(anonymous_10)
FN:101,(anonymous_11)
FN:102,(anonymous_12)
FN:114,(anonymous_13)
FN:139,(anonymous_14)
FN:143,(anonymous_15)
FN:146,(anonymous_16)
FN:150,(anonymous_17)
FN:154,(anonymous_18)
FNF:19
FNH:6
FNDA:2,App
FNDA:0,(anonymous_1)
FNDA:1,(anonymous_2)
FNDA:1,(anonymous_3)
FNDA:0,(anonymous_4)
FNDA:0,(anonymous_5)
FNDA:5,ReturnTimeMachine
FNDA:1,(anonymous_7)
FNDA:1,(anonymous_8)
FNDA:0,HandleToast
FNDA:0,(anonymous_10)
FNDA:0,(anonymous_11)
FNDA:0,(anonymous_12)
FNDA:0,(anonymous_13)
FNDA:0,(anonymous_14)
FNDA:0,(anonymous_15)
FNDA:0,(anonymous_16)
FNDA:0,(anonymous_17)
FNDA:0,(anonymous_18)
DA:21,2
DA:22,1
DA:23,1
DA:24,1
DA:25,1
DA:26,1
DA:27,1
DA:28,1
DA:29,1
DA:30,1
DA:32,1
DA:33,1
DA:34,1
DA:35,0
DA:38,1
DA:39,1
DA:40,0
DA:42,0
DA:43,0
DA:44,0
DA:52,5
DA:53,5
DA:55,5
DA:57,5
DA:58,0
DA:60,5
DA:63,1
DA:64,1
DA:65,1
DA:66,1
DA:67,1
DA:68,0
DA:69,0
DA:70,0
DA:73,0
DA:76,1
DA:81,0
DA:82,0
DA:83,0
DA:84,0
DA:89,1
DA:90,0
DA:92,0
DA:93,0
DA:94,0
DA:97,0
DA:101,1
DA:102,0
DA:103,0
DA:104,0
DA:110,1
DA:114,0
DA:139,0
DA:143,0
DA:147,0
DA:150,0
DA:154,0
LF:57
LH:29
BRDA:34,0,0,0
BRDA:34,0,1,1
BRDA:39,1,0,0
BRDA:39,1,1,1
BRDA:39,2,0,1
BRDA:39,2,1,0
BRDA:57,3,0,0
BRDA:57,3,1,5
BRDA:67,4,0,0
BRDA:67,4,1,1
BRDA:68,5,0,0
BRDA:68,5,1,0
BRDA:69,6,0,0
BRDA:69,6,1,0
BRDA:82,7,0,0
BRDA:82,7,1,0
BRDA:120,8,0,0
BRDA:120,8,1,1
BRDA:130,9,0,0
BRDA:130,9,1,1
BRDA:135,10,0,0
BRDA:135,10,1,1
BRF:22
BRH:8
end_of_record
TN:
SF:src/index.js
FNF:0
FNH:0
DA:7,0
DA:14,0
LF:2
LH:0
BRF:0
BRH:0
end_of_record
TN:
SF:src/reportWebVitals.js
FN:1,(anonymous_0)
FN:3,(anonymous_1)
FNF:2
FNH:0
FNDA:0,(anonymous_0)
FNDA:0,(anonymous_1)
DA:1,0
DA:2,0
DA:3,0
DA:4,0
DA:5,0
DA:6,0
DA:7,0
DA:8,0
LF:8
LH:0
BRDA:2,0,0,0
BRDA:2,0,1,0
BRDA:2,1,0,0
BRDA:2,1,1,0
BRF:4
BRH:0
end_of_record
TN:
SF:src/Components/AddNewProduct.js
FN:7,ProductNew
FN:15,handleClose
FN:20,handleSuccess
FN:26,submitNewProduct
FN:48,(anonymous_4)
FN:55,(anonymous_5)
FN:56,(anonymous_6)
FN:61,SuccessModal
FN:77,ModalProductNew
FN:88,(anonymous_9)
FN:92,(anonymous_10)
FN:97,(anonymous_11)
FN:114,Previews
FN:120,(anonymous_13)
FN:121,(anonymous_14)
FN:129,(anonymous_15)
FN:157,(anonymous_16)
FN:157,(anonymous_17)
FN:158,(anonymous_18)
FNF:19
FNH:11
FNDA:64,ProductNew
FNDA:3,handleClose
FNDA:0,handleSuccess
FNDA:2,submitNewProduct
FNDA:4,(anonymous_4)
FNDA:3,(anonymous_5)
FNDA:0,(anonymous_6)
FNDA:63,SuccessModal
FNDA:64,ModalProductNew
FNDA:0,(anonymous_9)
FNDA:1,(anonymous_10)
FNDA:0,(anonymous_11)
FNDA:10,Previews
FNDA:0,(anonymous_13)
FNDA:0,(anonymous_14)
FNDA:0,(anonymous_15)
FNDA:4,(anonymous_16)
FNDA:4,(anonymous_17)
FNDA:0,(anonymous_18)
DA:8,64
DA:9,63
DA:10,63
DA:11,63
DA:12,63
DA:13,63
DA:16,3
DA:17,3
DA:21,0
DA:22,0
DA:23,0
DA:27,2
DA:28,1
DA:29,1
DA:31,1
DA:32,1
DA:33,1
DA:36,0
DA:40,0
DA:41,0
DA:42,0
DA:46,63
DA:48,4
DA:55,3
DA:56,0
DA:62,63
DA:79,64
DA:88,0
DA:92,1
DA:97,0
DA:115,10
DA:116,10
DA:121,0
DA:125,0
DA:129,10
DA:130,0
DA:157,10
DA:158,4
DA:161,10
LF:39
LH:26
BRDA:27,0,0,1
BRDA:27,0,1,1
BRDA:31,1,0,1
BRDA:31,1,1,0
BRDA:41,2,0,0
BRDA:41,2,1,0
BRDA:170,3,0,0
BRDA:170,3,1,10
BRF:8
BRH:4
end_of_record
TN:
SF:src/Components/ClientOrders.js
FN:14,ClientOrders
FN:20,(anonymous_1)
FN:24,(anonymous_2)
FN:25,(anonymous_3)
FN:28,(anonymous_4)
FN:32,(anonymous_5)
FN:36,(anonymous_6)
FN:52,(anonymous_7)
FN:53,(anonymous_8)
FN:74,OrderRow
FN:79,(anonymous_10)
FN:84,(anonymous_11)
FN:90,handleClose
FN:122,showErrorModal
FN:163,(anonymous_14)
FN:169,(anonymous_15)
FN:204,(anonymous_16)
FN:205,(anonymous_17)
FN:216,TimeSelect
FN:230,setDay
FN:268,onSubmit
FN:306,(anonymous_21)
FN:312,(anonymous_22)
FN:321,(anonymous_23)
FN:332,(anonymous_24)
FN:351,ProductList
FN:373,ErrorModal
FN:392,NoOrders
FNF:28
FNH:19
FNDA:41,ClientOrders
FNDA:20,(anonymous_1)
FNDA:10,(anonymous_2)
FNDA:0,(anonymous_3)
FNDA:0,(anonymous_4)
FNDA:0,(anonymous_5)
FNDA:10,(anonymous_6)
FNDA:9,(anonymous_7)
FNDA:0,(anonymous_8)
FNDA:17,OrderRow
FNDA:2,(anonymous_10)
FNDA:1,(anonymous_11)
FNDA:0,handleClose
FNDA:3,showErrorModal
FNDA:32,(anonymous_14)
FNDA:32,(anonymous_15)
FNDA:3,(anonymous_16)
FNDA:1,(anonymous_17)
FNDA:17,TimeSelect
FNDA:16,setDay
FNDA:3,onSubmit
FNDA:0,(anonymous_21)
FNDA:0,(anonymous_22)
FNDA:0,(anonymous_23)
FNDA:0,(anonymous_24)
FNDA:32,ProductList
FNDA:16,ErrorModal
FNDA:1,NoOrders
DA:7,5
DA:8,5
DA:9,5
DA:10,5
DA:11,5
DA:15,41
DA:16,40
DA:17,40
DA:20,40
DA:21,20
DA:22,10
DA:23,10
DA:25,10
DA:26,10
DA:27,10
DA:28,0
DA:32,40
DA:33,0
DA:36,40
DA:37,10
DA:38,9
DA:41,40
DA:53,9
DA:68,5
DA:75,17
DA:76,16
DA:77,16
DA:79,16
DA:80,2
DA:81,2
DA:84,16
DA:85,1
DA:86,1
DA:91,0
DA:92,0
DA:93,0
DA:94,0
DA:95,0
DA:100,0
DA:102,0
DA:107,0
DA:108,0
DA:112,0
DA:114,0
DA:118,0
DA:123,3
DA:124,3
DA:128,16
DA:129,13
DA:130,3
DA:131,1
DA:132,2
DA:133,1
DA:134,1
DA:135,1
DA:138,16
DA:164,32
DA:170,32
DA:171,32
DA:173,0
DA:204,3
DA:205,1
DA:218,17
DA:219,17
DA:220,17
DA:221,17
DA:222,17
DA:224,17
DA:225,16
DA:226,16
DA:228,16
DA:232,16
DA:233,0
DA:234,0
DA:235,0
DA:239,16
DA:240,0
DA:241,0
DA:242,0
DA:246,16
DA:247,1
DA:248,1
DA:249,1
DA:252,16
DA:253,0
DA:254,0
DA:255,0
DA:257,16
DA:258,7
DA:259,7
DA:261,16
DA:262,5
DA:265,16
DA:270,3
DA:271,3
DA:273,0
DA:274,0
DA:276,0
DA:277,0
DA:278,0
DA:279,0
DA:282,0
DA:283,0
DA:284,0
DA:285,0
DA:288,0
DA:289,0
DA:290,0
DA:291,0
DA:297,16
DA:306,0
DA:312,0
DA:321,0
DA:332,0
DA:353,32
DA:355,32
DA:374,16
DA:393,1
LF:118
LH:76
BRDA:21,0,0,10
BRDA:21,0,1,10
BRDA:25,1,0,0
BRDA:25,1,1,0
BRDA:37,2,0,9
BRDA:37,2,1,1
BRDA:43,3,0,30
BRDA:43,3,1,10
BRDA:52,4,0,9
BRDA:52,4,1,1
BRDA:92,5,0,0
BRDA:92,5,1,0
BRDA:93,6,0,0
BRDA:93,6,1,0
BRDA:128,7,0,13
BRDA:128,7,1,3
BRDA:130,8,0,1
BRDA:130,8,1,2
BRDA:132,9,0,1
BRDA:132,9,1,1
BRDA:134,10,0,1
BRDA:134,10,1,0
BRDA:170,11,0,32
BRDA:170,11,1,0
BRDA:177,12,0,11
BRDA:177,12,1,5
BRDA:177,13,0,16
BRDA:177,13,1,15
BRDA:177,13,2,11
BRDA:183,14,0,11
BRDA:183,14,1,5
BRDA:183,15,0,16
BRDA:183,15,1,15
BRDA:183,15,2,11
BRDA:189,16,0,1
BRDA:189,16,1,15
BRDA:195,17,0,4
BRDA:195,17,1,12
BRDA:232,18,0,0
BRDA:232,18,1,16
BRDA:239,19,0,0
BRDA:239,19,1,16
BRDA:246,20,0,1
BRDA:246,20,1,15
BRDA:252,21,0,0
BRDA:252,21,1,16
BRDA:257,22,0,7
BRDA:257,22,1,9
BRDA:261,23,0,5
BRDA:261,23,1,11
BRDA:270,24,0,3
BRDA:270,24,1,0
BRDA:270,25,0,3
BRDA:270,25,1,0
BRDA:270,25,2,0
BRDA:273,26,0,0
BRDA:273,26,1,0
BRDA:273,27,0,0
BRDA:273,27,1,0
BRDA:276,28,0,0
BRDA:276,28,1,0
BRDA:277,29,0,0
BRDA:277,29,1,0
BRDA:277,30,0,0
BRDA:277,30,1,0
BRDA:279,31,0,0
BRDA:279,31,1,0
BRDA:282,32,0,0
BRDA:282,32,1,0
BRDA:283,33,0,0
BRDA:283,33,1,0
BRDA:283,34,0,0
BRDA:283,34,1,0
BRDA:285,35,0,0
BRDA:285,35,1,0
BRDA:288,36,0,0
BRDA:288,36,1,0
BRDA:289,37,0,0
BRDA:289,37,1,0
BRDA:289,38,0,0
BRDA:289,38,1,0
BRDA:291,39,0,0
BRDA:291,39,1,0
BRDA:301,40,0,2
BRDA:301,40,1,14
BRDA:307,41,0,2
BRDA:307,41,1,14
BRDA:323,42,0,1
BRDA:323,42,1,15
BRDA:324,43,0,8
BRDA:324,43,1,8
BRDA:325,44,0,13
BRDA:325,44,1,3
BRDA:337,45,0,2
BRDA:337,45,1,14
BRDA:357,46,0,0
BRDA:357,46,1,32
BRDA:378,47,0,2
BRDA:378,47,1,14
BRDA:383,48,0,2
BRDA:383,48,1,14
BRF:101
BRH:58
end_of_record
TN:
SF:src/Components/ClientView.js
FN:7,ClientView
FN:13,(anonymous_1)
FN:17,(anonymous_2)
FN:20,(anonymous_3)
FN:28,(anonymous_4)
FN:52,(anonymous_5)
FN:55,(anonymous_6)
FN:55,(anonymous_7)
FN:68,ClientRow
FN:104,ButtonBalance
FN:106,(anonymous_10)
FN:107,(anonymous_11)
FN:110,(anonymous_12)
FN:111,(anonymous_13)
FN:117,HandleOperation
FN:120,UpdateNumber
FN:134,UpdateNumberInput
FN:151,handleUpdate
FN:165,handleRefresh
FN:182,(anonymous_19)
FN:187,(anonymous_20)
FN:191,(anonymous_21)
FN:221,UserSearchBar
FN:223,ManageSearch
FN:225,(anonymous_24)
FN:230,(anonymous_25)
FN:231,(anonymous_26)
FN:238,NoClients
FNF:28
FNH:18
FNDA:15,ClientView
FNDA:6,(anonymous_1)
FNDA:1,(anonymous_2)
FNDA:0,(anonymous_3)
FNDA:6,(anonymous_4)
FNDA:75,(anonymous_5)
FNDA:75,(anonymous_6)
FNDA:20,(anonymous_7)
FNDA:34,ClientRow
FNDA:36,ButtonBalance
FNDA:0,(anonymous_10)
FNDA:6,(anonymous_11)
FNDA:0,(anonymous_12)
FNDA:0,(anonymous_13)
FNDA:5,HandleOperation
FNDA:3,UpdateNumber
FNDA:2,UpdateNumberInput
FNDA:0,handleUpdate
FNDA:0,handleRefresh
FNDA:1,(anonymous_19)
FNDA:2,(anonymous_20)
FNDA:2,(anonymous_21)
FNDA:5,UserSearchBar
FNDA:0,ManageSearch
FNDA:0,(anonymous_24)
FNDA:0,(anonymous_25)
FNDA:0,(anonymous_26)
FNDA:1,NoClients
DA:8,15
DA:9,14
DA:10,14
DA:11,14
DA:13,14
DA:14,6
DA:15,6
DA:16,1
DA:18,1
DA:19,1
DA:20,0
DA:22,5
DA:28,14
DA:29,6
DA:30,5
DA:31,5
DA:35,14
DA:36,8
DA:40,6
DA:52,75
DA:55,75
DA:70,34
DA:105,36
DA:106,36
DA:107,36
DA:109,36
DA:110,36
DA:111,36
DA:113,36
DA:114,36
DA:115,36
DA:118,5
DA:121,3
DA:122,1
DA:123,1
DA:125,2
DA:126,2
DA:127,2
DA:130,3
DA:135,2
DA:136,2
DA:137,1
DA:138,1
DA:143,1
DA:144,1
DA:146,2
DA:152,0
DA:153,0
DA:157,0
DA:158,0
DA:159,0
DA:161,0
DA:166,0
DA:167,0
DA:170,36
DA:182,1
DA:187,2
DA:191,2
DA:224,0
DA:225,0
DA:228,5
DA:230,0
DA:231,0
DA:239,1
LF:64
LH:51
BRDA:15,0,0,1
BRDA:15,0,1,5
BRDA:29,1,0,5
BRDA:29,1,1,1
BRDA:35,2,0,8
BRDA:35,2,1,6
BRDA:42,3,0,1
BRDA:42,3,1,5
BRDA:52,4,0,5
BRDA:52,4,1,1
BRDA:55,5,0,33
BRDA:55,5,1,42
BRDA:55,6,0,5
BRDA:55,6,1,28
BRDA:80,7,0,28
BRDA:80,7,1,5
BRDA:81,8,0,5
BRDA:81,8,1,28
BRDA:92,9,0,28
BRDA:92,9,1,5
BRDA:97,10,0,28
BRDA:97,10,1,5
BRDA:118,11,0,0
BRDA:118,11,1,5
BRDA:121,12,0,1
BRDA:121,12,1,2
BRDA:121,13,0,3
BRDA:121,13,1,1
BRDA:125,14,0,2
BRDA:125,14,1,0
BRDA:136,15,0,1
BRDA:136,15,1,1
BRDA:136,16,0,2
BRDA:136,16,1,2
BRDA:136,16,2,1
BRF:35
BRH:33
end_of_record
TN:
SF:src/Components/CustomerSearchBar.js
FN:5,UserDropdown
FN:18,(anonymous_1)
FN:23,(anonymous_2)
FNF:3
FNH:3
FNDA:8,UserDropdown
FNDA:35,(anonymous_1)
FNDA:2,(anonymous_2)
DA:6,8
DA:8,8
DA:9,1
DA:11,7
DA:12,8
DA:18,35
DA:24,2
LF:7
LH:7
BRDA:8,0,0,1
BRDA:8,0,1,7
BRDA:26,1,0,0
BRDA:26,1,1,2
BRF:4
BRH:3
end_of_record
TN:
SF:src/Components/EmployeeView.js
FN:15,EmployeeView
FN:22,(anonymous_1)
FN:26,(anonymous_2)
FN:27,(anonymous_3)
FN:30,(anonymous_4)
FN:34,(anonymous_5)
FN:39,(anonymous_6)
FN:60,(anonymous_7)
FN:62,(anonymous_8)
FN:62,(anonymous_9)
FN:62,(anonymous_10)
FN:63,(anonymous_11)
FN:63,(anonymous_12)
FN:67,(anonymous_13)
FN:86,OrderRow
FN:92,(anonymous_15)
FN:93,(anonymous_16)
FN:95,handleCloseTime
FN:113,showErrorModal
FN:170,(anonymous_19)
FN:180,(anonymous_20)
FN:189,(anonymous_21)
FN:190,(anonymous_22)
FN:211,(anonymous_23)
FN:221,(anonymous_24)
FN:231,(anonymous_25)
FN:240,(anonymous_26)
FN:274,ProductList
FN:303,NoOrders
FNF:29
FNH:7
FNDA:16,EmployeeView
FNDA:6,(anonymous_1)
FNDA:3,(anonymous_2)
FNDA:0,(anonymous_3)
FNDA:3,(anonymous_4)
FNDA:3,(anonymous_5)
FNDA:3,(anonymous_6)
FNDA:0,(anonymous_7)
FNDA:0,(anonymous_8)
FNDA:0,(anonymous_9)
FNDA:0,(anonymous_10)
FNDA:0,(anonymous_11)
FNDA:0,(anonymous_12)
FNDA:0,(anonymous_13)
FNDA:0,OrderRow
FNDA:0,(anonymous_15)
FNDA:0,(anonymous_16)
FNDA:0,handleCloseTime
FNDA:0,showErrorModal
FNDA:0,(anonymous_19)
FNDA:0,(anonymous_20)
FNDA:0,(anonymous_21)
FNDA:0,(anonymous_22)
FNDA:0,(anonymous_23)
FNDA:0,(anonymous_24)
FNDA:0,(anonymous_25)
FNDA:0,(anonymous_26)
FNDA:20,ProductList
FNDA:0,NoOrders
DA:10,4
DA:11,4
DA:12,4
DA:17,16
DA:18,15
DA:19,15
DA:20,15
DA:22,15
DA:23,6
DA:24,3
DA:25,3
DA:27,3
DA:28,3
DA:29,3
DA:30,3
DA:34,15
DA:35,3
DA:36,3
DA:39,15
DA:41,3
DA:44,15
DA:60,0
DA:62,0
DA:63,0
DA:65,0
DA:67,0
DA:82,4
DA:83,4
DA:87,0
DA:88,0
DA:89,0
DA:90,0
DA:92,0
DA:93,0
DA:96,0
DA:97,0
DA:98,0
DA:99,0
DA:100,0
DA:104,0
DA:106,0
DA:108,0
DA:114,0
DA:115,0
DA:119,0
DA:120,0
DA:121,0
DA:122,0
DA:123,0
DA:124,0
DA:125,0
DA:126,0
DA:127,0
DA:128,0
DA:130,0
DA:131,0
DA:132,0
DA:133,0
DA:134,0
DA:135,0
DA:136,0
DA:137,0
DA:138,0
DA:139,0
DA:143,0
DA:171,0
DA:180,0
DA:181,0
DA:183,0
DA:189,0
DA:190,0
DA:212,0
DA:213,0
DA:214,0
DA:215,0
DA:216,0
DA:222,0
DA:223,0
DA:224,0
DA:225,0
DA:226,0
DA:232,0
DA:233,0
DA:234,0
DA:235,0
DA:237,0
DA:241,0
DA:242,0
DA:243,0
DA:244,0
DA:245,0
DA:276,20
DA:278,20
DA:304,0
LF:94
LH:25
BRDA:23,0,0,3
BRDA:23,0,1,3
BRDA:27,1,0,0
BRDA:27,1,1,0
BRDA:35,2,0,3
BRDA:35,2,1,0
BRDA:48,3,0,9
BRDA:48,3,1,6
BRDA:50,4,0,0
BRDA:50,4,1,0
BRDA:60,5,0,0
BRDA:60,5,1,0
BRDA:60,6,0,0
BRDA:60,6,1,0
BRDA:62,7,0,0
BRDA:62,7,1,0
BRDA:62,8,0,0
BRDA:62,8,1,0
BRDA:62,8,2,0
BRDA:62,9,0,0
BRDA:62,9,1,0
BRDA:62,10,0,0
BRDA:62,10,1,0
BRDA:62,11,0,0
BRDA:62,11,1,0
BRDA:63,12,0,0
BRDA:63,12,1,0
BRDA:65,13,0,0
BRDA:65,13,1,0
BRDA:65,14,0,0
BRDA:65,14,1,0
BRDA:65,14,2,0
BRDA:72,15,0,0
BRDA:72,15,1,0
BRDA:87,16,0,0
BRDA:87,16,1,0
BRDA:97,17,0,0
BRDA:97,17,1,0
BRDA:119,18,0,0
BRDA:119,18,1,0
BRDA:124,19,0,0
BRDA:124,19,1,0
BRDA:130,20,0,0
BRDA:130,20,1,0
BRDA:135,21,0,0
BRDA:135,21,1,0
BRDA:180,22,0,0
BRDA:180,22,1,0
BRDA:186,23,0,0
BRDA:186,23,1,0
BRDA:186,24,0,0
BRDA:186,24,1,0
BRDA:186,24,2,0
BRDA:194,25,0,0
BRDA:194,25,1,0
BRDA:200,26,0,0
BRDA:200,26,1,0
BRDA:208,27,0,0
BRDA:208,27,1,0
BRDA:209,28,0,0
BRDA:209,28,1,0
BRDA:219,29,0,0
BRDA:219,29,1,0
BRDA:282,30,0,0
BRDA:282,30,1,20
BRF:65
BRH:6
end_of_record
TN:
SF:src/Components/FarmerConfirmsProduct.js
FN:13,ConfirmProduct
FN:19,(anonymous_1)
FN:22,(anonymous_2)
FN:23,(anonymous_3)
FN:25,(anonymous_4)
FN:28,(anonymous_5)
FN:33,handleChangeConfirm
FN:62,(anonymous_7)
FN:62,(anonymous_8)
FN:75,(anonymous_9)
FN:96,OrderRow
FN:123,(anonymous_11)
FN:137,ProductList
FN:139,HandleConfirmation
FN:176,ConfirmButton
FN:187,(anonymous_15)
FN:197,(anonymous_16)
FN:206,NoOrders
FNF:18
FNH:0
FNDA:0,ConfirmProduct
FNDA:0,(anonymous_1)
FNDA:0,(anonymous_2)
FNDA:0,(anonymous_3)
FNDA:0,(anonymous_4)
FNDA:0,(anonymous_5)
FNDA:0,handleChangeConfirm
FNDA:0,(anonymous_7)
FNDA:0,(anonymous_8)
FNDA:0,(anonymous_9)
FNDA:0,OrderRow
FNDA:0,(anonymous_11)
FNDA:0,ProductList
FNDA:0,HandleConfirmation
FNDA:0,ConfirmButton
FNDA:0,(anonymous_15)
FNDA:0,(anonymous_16)
FNDA:0,NoOrders
DA:8,1
DA:9,1
DA:10,1
DA:15,0
DA:16,0
DA:17,0
DA:19,0
DA:20,0
DA:21,0
DA:23,0
DA:24,0
DA:25,0
DA:28,0
DA:29,0
DA:34,0
DA:35,0
DA:36,0
DA:43,0
DA:44,0
DA:45,0
DA:48,0
DA:49,0
DA:53,0
DA:54,0
DA:56,0
DA:57,0
DA:58,0
DA:62,0
DA:77,0
DA:79,0
DA:98,0
DA:124,0
DA:140,0
DA:141,0
DA:142,0
DA:144,0
DA:145,0
DA:150,0
DA:151,0
DA:152,0
DA:178,0
DA:187,0
DA:197,0
DA:207,0
LF:44
LH:3
BRDA:23,0,0,0
BRDA:23,0,1,0
BRDA:43,1,0,0
BRDA:43,1,1,0
BRDA:54,2,0,0
BRDA:54,2,1,0
BRDA:54,2,2,0
BRDA:54,2,3,0
BRDA:56,3,0,0
BRDA:56,3,1,0
BRDA:66,4,0,0
BRDA:66,4,1,0
BRDA:73,5,0,0
BRDA:73,5,1,0
BRDA:77,6,0,0
BRDA:77,6,1,0
BRDA:77,7,0,0
BRDA:77,7,1,0
BRDA:77,7,2,0
BRDA:140,8,0,0
BRDA:140,8,1,0
BRDA:141,9,0,0
BRDA:141,9,1,0
BRDA:144,10,0,0
BRDA:144,10,1,0
BRDA:150,11,0,0
BRDA:150,11,1,0
BRDA:150,12,0,0
BRDA:150,12,1,0
BRDA:151,13,0,0
BRDA:151,13,1,0
BRDA:151,14,0,0
BRDA:151,14,1,0
BRDA:185,15,0,0
BRDA:185,15,1,0
BRDA:185,16,0,0
BRDA:185,16,1,0
BRDA:194,17,0,0
BRDA:194,17,1,0
BRDA:194,18,0,0
BRDA:194,18,1,0
BRF:41
BRH:0
end_of_record
TN:
SF:src/Components/FarmerProducts.js
FN:14,FarmerProducts
FN:23,addProdTest
FN:45,(anonymous_2)
FN:65,deleteProductByFarmer
FN:72,(anonymous_4)
FN:83,(anonymous_5)
FN:86,(anonymous_6)
FN:90,(anonymous_7)
FN:94,(anonymous_8)
FN:97,(anonymous_9)
FN:100,(anonymous_10)
FN:108,(anonymous_11)
FN:119,(anonymous_12)
FN:119,(anonymous_13)
FN:121,(anonymous_14)
FN:122,(anonymous_15)
FN:128,(anonymous_16)
FN:133,(anonymous_17)
FN:141,ProductCard
FN:150,(anonymous_19)
FN:151,(anonymous_20)
FN:161,(anonymous_21)
FN:162,(anonymous_22)
FN:172,(anonymous_23)
FN:192,ProductByFarmerModal
FN:201,AddProduct
FN:225,Validate
FN:259,(anonymous_27)
FN:263,(anonymous_28)
FN:267,(anonymous_29)
FN:269,(anonymous_30)
FN:284,PictureModal
FN:306,ProductsDropdown
FN:318,(anonymous_33)
FN:323,(anonymous_34)
FNF:35
FNH:31
FNDA:67,FarmerProducts
FNDA:2,addProdTest
FNDA:1,(anonymous_2)
FNDA:1,deleteProductByFarmer
FNDA:7,(anonymous_4)
FNDA:18,(anonymous_5)
FNDA:9,(anonymous_6)
FNDA:0,(anonymous_7)
FNDA:18,(anonymous_8)
FNDA:8,(anonymous_9)
FNDA:1,(anonymous_10)
FNDA:9,(anonymous_11)
FNDA:1352,(anonymous_12)
FNDA:9008,(anonymous_13)
FNDA:2,(anonymous_14)
FNDA:0,(anonymous_15)
FNDA:184,(anonymous_16)
FNDA:1,(anonymous_17)
FNDA:189,ProductCard
FNDA:1,(anonymous_19)
FNDA:0,(anonymous_20)
FNDA:1,(anonymous_21)
FNDA:1,(anonymous_22)
FNDA:1,(anonymous_23)
FNDA:245,ProductByFarmerModal
FNDA:5,AddProduct
FNDA:5,Validate
FNDA:0,(anonymous_27)
FNDA:3,(anonymous_28)
FNDA:3,(anonymous_29)
FNDA:1,(anonymous_30)
FNDA:187,PictureModal
FNDA:48,ProductsDropdown
FNDA:296,(anonymous_33)
FNDA:12,(anonymous_34)
DA:8,2
DA:9,2
DA:10,2
DA:15,67
DA:16,66
DA:17,66
DA:18,66
DA:19,66
DA:20,66
DA:21,66
DA:25,2
DA:27,2
DA:39,2
DA:40,2
DA:41,0
DA:43,2
DA:44,1
DA:45,1
DA:46,1
DA:47,1
DA:48,1
DA:49,1
DA:52,1
DA:53,1
DA:56,2
DA:60,0
DA:66,1
DA:67,1
DA:68,1
DA:69,0
DA:72,7
DA:73,1
DA:74,1
DA:75,1
DA:79,0
DA:83,66
DA:84,18
DA:85,9
DA:87,9
DA:88,9
DA:89,9
DA:90,0
DA:94,66
DA:95,18
DA:96,9
DA:98,8
DA:99,8
DA:101,1
DA:102,1
DA:103,1
DA:108,66
DA:109,9
DA:110,9
DA:114,66
DA:119,9008
DA:121,2
DA:122,0
DA:129,184
DA:133,1
DA:136,18
DA:142,189
DA:143,187
DA:145,187
DA:148,187
DA:150,1
DA:151,0
DA:161,1
DA:162,1
DA:172,1
DA:195,245
DA:196,245
DA:197,245
DA:198,245
DA:203,5
DA:204,3
DA:207,2
DA:215,2
DA:216,2
DA:217,2
DA:218,1
DA:219,1
DA:220,1
DA:226,5
DA:227,1
DA:228,1
DA:230,4
DA:231,1
DA:232,1
DA:234,3
DA:235,1
DA:236,1
DA:238,2
DA:241,245
DA:242,41
DA:244,204
DA:259,0
DA:263,3
DA:267,3
DA:269,1
DA:285,187
DA:311,48
DA:312,48
DA:318,296
DA:324,12
LF:104
LH:96
BRDA:29,0,0,1
BRDA:29,0,1,1
BRDA:40,1,0,0
BRDA:40,1,1,2
BRDA:43,2,0,1
BRDA:43,2,1,1
BRDA:68,3,0,0
BRDA:68,3,1,1
BRDA:84,4,0,9
BRDA:84,4,1,9
BRDA:95,5,0,9
BRDA:95,5,1,9
BRDA:109,6,0,9
BRDA:109,6,1,0
BRDA:114,7,0,48
BRDA:114,7,1,18
BRDA:114,8,0,66
BRDA:114,8,1,48
BRDA:118,9,0,0
BRDA:118,9,1,48
BRDA:118,10,0,48
BRDA:118,10,1,0
BRDA:119,11,0,26
BRDA:119,11,1,22
BRDA:121,12,0,7
BRDA:121,12,1,41
BRDA:128,13,0,30
BRDA:128,13,1,18
BRDA:133,14,0,7
BRDA:133,14,1,41
BRDA:195,15,0,187
BRDA:195,15,1,58
BRDA:196,16,0,187
BRDA:196,16,1,58
BRDA:197,17,0,187
BRDA:197,17,1,58
BRDA:203,18,0,3
BRDA:203,18,1,2
BRDA:208,19,0,1
BRDA:208,19,1,1
BRDA:217,20,0,1
BRDA:217,20,1,1
BRDA:226,21,0,1
BRDA:226,21,1,4
BRDA:226,22,0,5
BRDA:226,22,1,4
BRDA:230,23,0,1
BRDA:230,23,1,3
BRDA:230,24,0,4
BRDA:230,24,1,4
BRDA:230,24,2,4
BRDA:234,25,0,1
BRDA:234,25,1,2
BRDA:241,26,0,41
BRDA:241,26,1,204
BRDA:241,27,0,245
BRDA:241,27,1,41
BRDA:274,28,0,17
BRDA:274,28,1,187
BRF:59
BRH:54
end_of_record
TN:
SF:src/Components/Navbar.js
FN:15,ZeroNavbar
FN:17,(anonymous_1)
FN:18,(anonymous_2)
FN:23,handleLogout
FN:28,handleHome
FN:33,handleTime
FN:37,handleLogin
FN:41,handleSignup
FN:45,handleClose
FN:52,handleTelegram
FN:112,(anonymous_10)
FN:157,TimeMachine
FN:169,onSubmit
FN:198,(anonymous_13)
FN:204,(anonymous_14)
FN:233,EmployeeSidebar
FN:242,(anonymous_16)
FN:243,(anonymous_17)
FN:244,(anonymous_18)
FN:245,(anonymous_19)
FN:246,(anonymous_20)
FN:253,(anonymous_21)
FN:254,(anonymous_22)
FN:260,(anonymous_23)
FN:261,(anonymous_24)
FN:266,FarmerSidebar
FN:277,(anonymous_26)
FN:281,(anonymous_27)
FN:288,(anonymous_28)
FN:296,ClientSidebar
FN:304,(anonymous_30)
FN:311,(anonymous_31)
FN:318,ManagerSidebar
FN:326,(anonymous_33)
FNF:34
FNH:1
FNDA:1,ZeroNavbar
FNDA:0,(anonymous_1)
FNDA:0,(anonymous_2)
FNDA:0,handleLogout
FNDA:0,handleHome
FNDA:0,handleTime
FNDA:0,handleLogin
FNDA:0,handleSignup
FNDA:0,handleClose
FNDA:0,handleTelegram
FNDA:0,(anonymous_10)
FNDA:0,TimeMachine
FNDA:0,onSubmit
FNDA:0,(anonymous_13)
FNDA:0,(anonymous_14)
FNDA:0,EmployeeSidebar
FNDA:0,(anonymous_16)
FNDA:0,(anonymous_17)
FNDA:0,(anonymous_18)
FNDA:0,(anonymous_19)
FNDA:0,(anonymous_20)
FNDA:0,(anonymous_21)
FNDA:0,(anonymous_22)
FNDA:0,(anonymous_23)
FNDA:0,(anonymous_24)
FNDA:0,FarmerSidebar
FNDA:0,(anonymous_26)
FNDA:0,(anonymous_27)
FNDA:0,(anonymous_28)
FNDA:0,ClientSidebar
FNDA:0,(anonymous_30)
FNDA:0,(anonymous_31)
FNDA:0,ManagerSidebar
FNDA:0,(anonymous_33)
DA:10,1
DA:11,1
DA:12,1
DA:16,1
DA:17,1
DA:18,1
DA:20,1
DA:21,1
DA:24,0
DA:25,0
DA:29,0
DA:30,0
DA:34,0
DA:38,0
DA:42,0
DA:46,0
DA:47,0
DA:48,0
DA:49,0
DA:53,0
DA:56,1
DA:112,0
DA:159,0
DA:160,0
DA:161,0
DA:162,0
DA:163,0
DA:165,0
DA:166,0
DA:170,0
DA:171,0
DA:172,0
DA:174,0
DA:175,0
DA:179,0
DA:198,0
DA:204,0
DA:234,0
DA:236,0
DA:242,0
DA:243,0
DA:244,0
DA:245,0
DA:246,0
DA:253,0
DA:254,0
DA:260,0
DA:261,0
DA:267,0
DA:268,0
DA:269,0
DA:271,0
DA:277,0
DA:281,0
DA:288,0
DA:297,0
DA:298,0
DA:304,0
DA:311,0
DA:319,0
DA:320,0
DA:326,0
LF:62
LH:9
BRDA:48,0,0,0
BRDA:48,0,1,0
BRDA:64,1,0,1
BRDA:64,1,1,0
BRDA:102,2,0,0
BRDA:102,2,1,0
BRDA:109,3,0,0
BRDA:109,3,1,0
BRDA:121,4,0,0
BRDA:121,4,1,0
BRDA:127,5,0,0
BRDA:127,5,1,0
BRDA:129,6,0,0
BRDA:129,6,1,0
BRDA:131,7,0,0
BRDA:131,7,1,0
BRDA:133,8,0,0
BRDA:133,8,1,0
BRDA:144,9,0,0
BRDA:144,9,1,0
BRDA:145,10,0,0
BRDA:145,10,1,0
BRDA:146,11,0,0
BRDA:146,11,1,0
BRDA:174,12,0,0
BRDA:174,12,1,0
BRDA:174,13,0,0
BRDA:174,13,1,0
BRDA:269,14,0,0
BRDA:269,14,1,0
BRDA:269,14,2,0
BRDA:269,14,3,0
BRF:32
BRH:1
end_of_record
TN:
SF:src/Components/ProductTable.js
FN:12,ProductTable
FN:19,(anonymous_1)
FN:24,(anonymous_2)
FN:32,(anonymous_3)
FN:36,(anonymous_4)
FN:39,(anonymous_5)
FN:42,(anonymous_6)
FN:47,(anonymous_7)
FN:52,(anonymous_8)
FN:65,(anonymous_9)
FN:72,ProductTableWrapped
FN:73,(anonymous_11)
FN:77,(anonymous_12)
FN:79,(anonymous_13)
FN:80,(anonymous_14)
FN:84,(anonymous_15)
FN:85,(anonymous_16)
FN:96,CanOrder
FN:107,(anonymous_18)
FN:110,(anonymous_19)
FN:114,(anonymous_20)
FN:119,(anonymous_21)
FN:123,(anonymous_22)
FN:125,(anonymous_23)
FN:130,(anonymous_24)
FN:133,(anonymous_25)
FN:136,prodNumInit
FN:138,(anonymous_27)
FN:142,UpdateNumber
FN:151,UpdateNumberInput
FN:165,submitOrder
FN:179,(anonymous_31)
FN:229,(anonymous_32)
FN:249,(anonymous_33)
FN:267,NoProductFound
FN:279,AvailableAmountButton
FN:285,CartBottomButton
FN:287,(anonymous_37)
FN:300,OrderConfirmedModal
FN:319,CartCheckoutModal
FN:321,(anonymous_40)
FN:329,(anonymous_41)
FN:331,(anonymous_42)
FN:335,(anonymous_43)
FN:341,(anonymous_44)
FN:347,ErrorModal
FN:363,FarmerRow
FN:366,(anonymous_47)
FN:368,(anonymous_48)
FN:376,(anonymous_49)
FN:401,(anonymous_50)
FN:403,(anonymous_51)
FN:425,ProductCard
FN:428,(anonymous_53)
FN:429,(anonymous_54)
FN:431,addAvail
FN:437,removeAvail
FN:443,handleNum
FN:484,(anonymous_58)
FN:494,DescriptionModal
FN:524,ProductsCounter
FN:525,(anonymous_61)
FN:528,(anonymous_62)
FN:531,(anonymous_63)
FN:532,(anonymous_64)
FN:540,SearchBar
FN:543,ManageSearch
FN:545,(anonymous_67)
FN:550,(anonymous_68)
FN:551,(anonymous_69)
FNF:70
FNH:58
FNDA:52,ProductTable
FNDA:0,(anonymous_1)
FNDA:8,(anonymous_2)
FNDA:7,(anonymous_3)
FNDA:0,(anonymous_4)
FNDA:7,(anonymous_5)
FNDA:0,(anonymous_6)
FNDA:8,(anonymous_7)
FNDA:8,(anonymous_8)
FNDA:0,(anonymous_9)
FNDA:49,ProductTableWrapped
FNDA:15,(anonymous_11)
FNDA:1,(anonymous_12)
FNDA:0,(anonymous_13)
FNDA:0,(anonymous_14)
FNDA:2,(anonymous_15)
FNDA:1,(anonymous_16)
FNDA:1208,CanOrder
FNDA:19,(anonymous_18)
FNDA:16,(anonymous_19)
FNDA:0,(anonymous_20)
FNDA:0,(anonymous_21)
FNDA:0,(anonymous_22)
FNDA:19,(anonymous_23)
FNDA:0,(anonymous_24)
FNDA:0,(anonymous_25)
FNDA:15,prodNumInit
FNDA:266,(anonymous_27)
FNDA:3,UpdateNumber
FNDA:1,UpdateNumberInput
FNDA:1,submitOrder
FNDA:38,(anonymous_31)
FNDA:75,(anonymous_32)
FNDA:192,(anonymous_33)
FNDA:8,NoProductFound
FNDA:5,AvailableAmountButton
FNDA:45,CartBottomButton
FNDA:1444,(anonymous_37)
FNDA:46,OrderConfirmedModal
FNDA:47,CartCheckoutModal
FNDA:1444,(anonymous_40)
FNDA:1124,(anonymous_41)
FNDA:1124,(anonymous_42)
FNDA:1444,(anonymous_43)
FNDA:1124,(anonymous_44)
FNDA:46,ErrorModal
FNDA:180,FarmerRow
FNDA:180,(anonymous_47)
FNDA:1112,(anonymous_48)
FNDA:6672,(anonymous_49)
FNDA:438,(anonymous_50)
FNDA:1112,(anonymous_51)
FNDA:1114,ProductCard
FNDA:1,(anonymous_53)
FNDA:1,(anonymous_54)
FNDA:2,addAvail
FNDA:1,removeAvail
FNDA:1,handleNum
FNDA:1,(anonymous_58)
FNDA:3,DescriptionModal
FNDA:1114,ProductsCounter
FNDA:21652,(anonymous_61)
FNDA:1,(anonymous_62)
FNDA:1,(anonymous_63)
FNDA:2,(anonymous_64)
FNDA:46,SearchBar
FNDA:1,ManageSearch
FNDA:38,(anonymous_67)
FNDA:0,(anonymous_68)
FNDA:1,(anonymous_69)
DA:14,52
DA:15,50
DA:16,50
DA:17,50
DA:18,50
DA:19,50
DA:20,50
DA:21,50
DA:24,50
DA:25,8
DA:26,8
DA:28,8
DA:29,8
DA:31,8
DA:33,7
DA:34,7
DA:35,7
DA:36,0
DA:38,7
DA:40,7
DA:41,7
DA:42,0
DA:43,7
DA:47,50
DA:48,8
DA:49,7
DA:52,50
DA:53,8
DA:54,1
DA:56,7
DA:57,8
DA:60,50
DA:65,0
DA:73,49
DA:74,48
DA:75,48
DA:76,48
DA:77,48
DA:78,48
DA:79,48
DA:80,48
DA:81,48
DA:82,48
DA:83,48
DA:84,48
DA:85,48
DA:86,48
DA:87,48
DA:89,48
DA:90,48
DA:91,48
DA:93,48
DA:94,48
DA:97,1208
DA:99,1208
DA:100,1208
DA:101,1208
DA:104,0
DA:107,48
DA:108,19
DA:109,19
DA:110,16
DA:111,16
DA:112,10
DA:114,0
DA:116,3
DA:117,3
DA:119,0
DA:120,0
DA:121,0
DA:123,0
DA:125,19
DA:130,48
DA:131,0
DA:132,0
DA:133,0
DA:137,15
DA:138,266
DA:139,15
DA:143,3
DA:144,3
DA:145,0
DA:146,3
DA:147,3
DA:149,3
DA:152,1
DA:153,1
DA:154,1
DA:155,0
DA:157,1
DA:158,0
DA:160,1
DA:162,1
DA:166,1
DA:169,1
DA:170,1
DA:171,0
DA:172,0
DA:173,0
DA:176,1
DA:179,38
DA:180,1
DA:181,0
DA:183,1
DA:184,1
DA:189,1
DA:190,1
DA:191,1
DA:192,1
DA:193,1
DA:195,0
DA:199,0
DA:203,0
DA:204,0
DA:208,48
DA:229,75
DA:250,192
DA:268,8
DA:280,5
DA:286,45
DA:287,1444
DA:288,45
DA:289,5
DA:290,5
DA:292,40
DA:301,46
DA:320,47
DA:321,1444
DA:323,46
DA:329,1124
DA:331,1124
DA:335,1444
DA:341,1124
DA:348,46
DA:364,180
DA:366,180
DA:367,180
DA:369,1112
DA:370,1112
DA:371,1112
DA:376,6672
DA:378,180
DA:379,180
DA:402,438
DA:404,1112
DA:421,0
DA:426,1114
DA:427,1114
DA:428,1114
DA:429,1114
DA:432,2
DA:433,2
DA:438,1
DA:439,1
DA:444,1
DA:445,0
DA:447,1
DA:448,0
DA:450,1
DA:451,1
DA:455,1114
DA:457,1114
DA:484,1
DA:495,3
DA:525,21652
DA:526,1114
DA:528,1
DA:531,1
DA:532,2
DA:544,1
DA:545,38
DA:548,46
DA:550,0
DA:551,1
LF:174
LH:147
BRDA:25,0,0,8
BRDA:25,0,1,0
BRDA:48,1,0,7
BRDA:48,1,1,1
BRDA:53,2,0,1
BRDA:53,2,1,7
BRDA:61,3,0,21
BRDA:61,3,1,29
BRDA:99,4,0,1208
BRDA:99,4,1,0
BRDA:99,5,0,1208
BRDA:99,5,1,0
BRDA:99,5,2,1208
BRDA:99,5,3,1208
BRDA:100,6,0,1208
BRDA:100,6,1,0
BRDA:100,7,0,1208
BRDA:100,7,1,1122
BRDA:109,8,0,16
BRDA:109,8,1,3
BRDA:111,9,0,10
BRDA:111,9,1,6
BRDA:116,10,0,3
BRDA:116,10,1,0
BRDA:116,11,0,3
BRDA:116,11,1,3
BRDA:120,12,0,0
BRDA:120,12,1,0
BRDA:144,13,0,0
BRDA:144,13,1,3
BRDA:146,14,0,3
BRDA:146,14,1,0
BRDA:146,15,0,3
BRDA:146,15,1,1
BRDA:146,15,2,2
BRDA:146,15,3,2
BRDA:154,16,0,0
BRDA:154,16,1,1
BRDA:154,17,0,1
BRDA:154,17,1,1
BRDA:157,18,0,0
BRDA:157,18,1,1
BRDA:169,19,0,1
BRDA:169,19,1,0
BRDA:170,20,0,0
BRDA:170,20,1,1
BRDA:171,21,0,0
BRDA:171,21,1,0
BRDA:180,22,0,0
BRDA:180,22,1,1
BRDA:183,23,0,1
BRDA:183,23,1,0
BRDA:183,24,0,1
BRDA:183,24,1,1
BRDA:183,24,2,1
BRDA:191,25,0,1
BRDA:191,25,1,0
BRDA:214,26,0,1
BRDA:214,26,1,47
BRDA:216,27,0,1
BRDA:216,27,1,47
BRDA:225,28,0,47
BRDA:225,28,1,1
BRDA:225,29,0,48
BRDA:225,29,1,47
BRDA:227,30,0,5
BRDA:227,30,1,42
BRDA:246,31,0,8
BRDA:246,31,1,40
BRDA:246,32,0,48
BRDA:246,32,1,40
BRDA:261,33,0,47
BRDA:261,33,1,1
BRDA:261,34,0,48
BRDA:261,34,1,47
BRDA:287,35,0,10
BRDA:287,35,1,1434
BRDA:288,36,0,5
BRDA:288,36,1,40
BRDA:289,37,0,5
BRDA:289,37,1,0
BRDA:329,38,0,6
BRDA:329,38,1,40
BRDA:329,39,0,46
BRDA:329,39,1,10
BRDA:331,40,0,10
BRDA:331,40,1,36
BRDA:335,41,0,10
BRDA:335,41,1,1434
BRDA:341,42,0,10
BRDA:341,42,1,36
BRDA:369,43,0,438
BRDA:369,43,1,674
BRDA:376,44,0,1112
BRDA:376,44,1,5560
BRDA:378,45,0,180
BRDA:378,45,1,0
BRDA:410,46,0,34
BRDA:410,46,1,404
BRDA:411,47,0,84
BRDA:411,47,1,354
BRDA:432,48,0,2
BRDA:432,48,1,0
BRDA:438,49,0,1
BRDA:438,49,1,0
BRDA:444,50,0,0
BRDA:444,50,1,1
BRDA:447,51,0,0
BRDA:447,51,1,1
BRDA:450,52,0,1
BRDA:450,52,1,0
BRDA:484,53,0,1114
BRDA:484,53,1,0
BRDA:484,54,0,1114
BRDA:484,54,1,1114
BRDA:525,55,0,21652
BRDA:525,55,1,1114
BRDA:528,56,0,0
BRDA:528,56,1,1114
BRDA:531,57,0,0
BRDA:531,57,1,1114
BRDA:532,58,0,0
BRDA:532,58,1,1114
BRF:123
BRH:94
end_of_record
TN:
SF:src/Components/Profile.js
FN:7,Profile
FN:14,(anonymous_1)
FN:23,checkWallet
FN:26,(anonymous_3)
FN:38,(anonymous_4)
FN:56,(anonymous_5)
FN:64,ClientRow
FN:96,InsufficientWallet
FNF:8
FNH:6
FNDA:5,Profile
FNDA:1,(anonymous_1)
FNDA:1,checkWallet
FNDA:1,(anonymous_3)
FNDA:0,(anonymous_4)
FNDA:0,(anonymous_5)
FNDA:4,ClientRow
FNDA:3,InsufficientWallet
DA:8,5
DA:9,4
DA:10,4
DA:11,4
DA:14,4
DA:16,1
DA:17,1
DA:18,1
DA:24,1
DA:25,1
DA:27,1
DA:28,1
DA:29,1
DA:30,0
DA:34,0
DA:38,4
DA:39,0
DA:42,4
DA:56,0
DA:66,4
DA:98,3
LF:21
LH:17
BRDA:16,0,0,1
BRDA:16,0,1,0
BRDA:29,1,0,0
BRDA:29,1,1,1
BRDA:44,2,0,1
BRDA:44,2,1,3
BRDA:56,3,0,3
BRDA:56,3,1,0
BRDA:90,4,0,3
BRDA:90,4,1,0
BRF:10
BRH:6
end_of_record
TN:
SF:src/Components/SelectState.js
FN:3,SelectCity
FNF:1
FNH:1
FNDA:41,SelectCity
DA:4,41
LF:1
LH:1
BRF:0
BRH:0
end_of_record
TN:
SF:src/Components/UnretrievedFood.js
FN:10,Unretrieved
FN:26,(anonymous_1)
FN:28,(anonymous_2)
FN:30,(anonymous_3)
FN:33,(anonymous_4)
FN:38,(anonymous_5)
FN:41,(anonymous_6)
FN:44,(anonymous_7)
FN:47,(anonymous_8)
FN:51,(anonymous_9)
FN:57,handleClose
FN:64,showErrorModal
FN:69,(anonymous_12)
FN:94,(anonymous_13)
FN:94,(anonymous_14)
FN:95,(anonymous_15)
FN:110,(anonymous_16)
FN:120,(anonymous_17)
FN:136,(anonymous_18)
FN:146,(anonymous_19)
FN:162,FarmerRow
FN:165,(anonymous_21)
FN:166,(anonymous_22)
FN:193,(anonymous_23)
FN:206,TimeSelect
FN:223,onSubmit
FN:246,(anonymous_26)
FN:252,(anonymous_27)
FN:273,ErrorModal
FNF:29
FNH:26
FNDA:45,Unretrieved
FNDA:6,(anonymous_1)
FNDA:5,(anonymous_2)
FNDA:1,(anonymous_3)
FNDA:7,(anonymous_4)
FNDA:6,(anonymous_5)
FNDA:1,(anonymous_6)
FNDA:6,(anonymous_7)
FNDA:1,(anonymous_8)
FNDA:6,(anonymous_9)
FNDA:1,handleClose
FNDA:1,showErrorModal
FNDA:2,(anonymous_12)
FNDA:1,(anonymous_13)
FNDA:1,(anonymous_14)
FNDA:0,(anonymous_15)
FNDA:0,(anonymous_16)
FNDA:108,(anonymous_17)
FNDA:0,(anonymous_18)
FNDA:108,(anonymous_19)
FNDA:217,FarmerRow
FNDA:90,(anonymous_21)
FNDA:90,(anonymous_22)
FNDA:15,(anonymous_23)
FNDA:32,TimeSelect
FNDA:2,onSubmit
FNDA:2,(anonymous_26)
FNDA:2,(anonymous_27)
FNDA:27,ErrorModal
DA:12,45
DA:13,44
DA:14,44
DA:15,44
DA:16,44
DA:17,44
DA:18,44
DA:19,44
DA:20,44
DA:21,44
DA:23,44
DA:24,44
DA:26,44
DA:27,6
DA:29,5
DA:30,1
DA:33,44
DA:34,7
DA:35,7
DA:37,7
DA:39,6
DA:40,6
DA:41,1
DA:43,7
DA:45,6
DA:46,6
DA:47,1
DA:51,44
DA:52,6
DA:53,6
DA:54,6
DA:58,1
DA:59,1
DA:60,1
DA:65,1
DA:66,1
DA:69,44
DA:70,2
DA:73,44
DA:94,1
DA:95,0
DA:110,0
DA:121,108
DA:136,0
DA:147,108
DA:163,217
DA:165,217
DA:166,90
DA:167,90
DA:170,216
DA:171,5
DA:194,15
DA:202,211
DA:207,32
DA:208,32
DA:209,32
DA:210,32
DA:211,32
DA:213,32
DA:214,32
DA:215,32
DA:216,32
DA:217,32
DA:219,32
DA:220,31
DA:224,2
DA:226,2
DA:227,1
DA:229,1
DA:233,31
DA:246,2
DA:252,2
DA:274,27
LF:73
LH:70
BRDA:52,0,0,6
BRDA:52,0,1,0
BRDA:59,1,0,1
BRDA:59,1,1,0
BRDA:75,2,0,44
BRDA:75,2,1,0
BRDA:84,3,0,17
BRDA:84,3,1,27
BRDA:84,4,0,44
BRDA:84,4,1,17
BRDA:108,5,0,24
BRDA:108,5,1,3
BRDA:134,6,0,25
BRDA:134,6,1,2
BRDA:167,7,0,15
BRDA:167,7,1,75
BRDA:170,8,0,5
BRDA:170,8,1,211
BRDA:194,9,0,0
BRDA:194,9,1,15
BRDA:226,10,0,1
BRDA:226,10,1,1
BRF:22
BRH:18
end_of_record
TN:
SF:src/Components/UserLogin.js
FN:7,UserLogin
FN:15,(anonymous_1)
FN:16,(anonymous_2)
FN:20,validform
FN:33,sendRegister
FN:36,(anonymous_5)
FN:45,(anonymous_6)
FN:56,(anonymous_7)
FN:67,(anonymous_8)
FN:83,(anonymous_9)
FN:86,(anonymous_10)
FN:92,(anonymous_11)
FN:105,LoginResponseModal
FN:123,SubmitButton
FNF:14
FNH:10
FNDA:15,UserLogin
FNDA:2,(anonymous_1)
FNDA:0,(anonymous_2)
FNDA:10,validform
FNDA:2,sendRegister
FNDA:2,(anonymous_5)
FNDA:0,(anonymous_6)
FNDA:0,(anonymous_7)
FNDA:0,(anonymous_8)
FNDA:10,(anonymous_9)
FNDA:3,(anonymous_10)
FNDA:3,(anonymous_11)
FNDA:14,LoginResponseModal
FNDA:14,SubmitButton
DA:8,15
DA:9,15
DA:10,15
DA:11,15
DA:12,15
DA:14,15
DA:15,15
DA:16,15
DA:21,10
DA:22,10
DA:23,6
DA:24,4
DA:25,1
DA:26,3
DA:27,1
DA:29,2
DA:34,2
DA:35,2
DA:37,2
DA:41,15
DA:45,0
DA:56,0
DA:67,0
DA:83,10
DA:86,3
DA:92,3
DA:106,14
DA:125,14
LF:28
LH:25
BRDA:22,0,0,6
BRDA:22,0,1,4
BRDA:22,1,0,10
BRDA:22,1,1,7
BRDA:22,1,2,7
BRDA:22,1,3,6
BRDA:24,2,0,1
BRDA:24,2,1,3
BRDA:24,3,0,4
BRDA:24,3,1,1
BRDA:26,4,0,1
BRDA:26,4,1,2
BRDA:26,5,0,3
BRDA:26,5,1,1
BRDA:43,6,0,15
BRDA:43,6,1,1
BRDA:54,7,0,15
BRDA:54,7,1,1
BRDA:65,8,0,15
BRDA:65,8,1,9
BRF:20
BRH:20
end_of_record
TN:
SF:src/Components/UserRegister.js
FN:9,UserRegister
FN:27,(anonymous_1)
FN:28,(anonymous_2)
FN:34,(anonymous_3)
FN:36,(anonymous_4)
FN:52,validForm
FN:103,sendRegisterFarmer
FN:133,sendRegisterClient
FN:153,RegisterResponseModal
FN:172,(anonymous_9)
FN:185,(anonymous_10)
FN:190,(anonymous_11)
FN:194,(anonymous_12)
FN:198,(anonymous_13)
FN:202,(anonymous_14)
FN:209,(anonymous_15)
FN:214,(anonymous_16)
FN:220,(anonymous_17)
FN:224,(anonymous_18)
FN:228,(anonymous_19)
FN:232,(anonymous_20)
FN:236,(anonymous_21)
FNF:22
FNH:17
FNDA:41,UserRegister
FNDA:0,(anonymous_1)
FNDA:0,(anonymous_2)
FNDA:4,(anonymous_3)
FNDA:2,(anonymous_4)
FNDA:26,validForm
FNDA:2,sendRegisterFarmer
FNDA:2,sendRegisterClient
FNDA:40,RegisterResponseModal
FNDA:0,(anonymous_9)
FNDA:26,(anonymous_10)
FNDA:11,(anonymous_11)
FNDA:6,(anonymous_12)
FNDA:4,(anonymous_13)
FNDA:0,(anonymous_14)
FNDA:1,(anonymous_15)
FNDA:9,(anonymous_16)
FNDA:10,(anonymous_17)
FNDA:0,(anonymous_18)
FNDA:5,(anonymous_19)
FNDA:3,(anonymous_20)
FNDA:8,(anonymous_21)
DA:10,41
DA:11,40
DA:12,40
DA:13,40
DA:14,40
DA:15,40
DA:16,40
DA:17,40
DA:18,40
DA:19,40
DA:20,40
DA:22,40
DA:23,40
DA:25,40
DA:26,40
DA:27,40
DA:28,40
DA:30,40
DA:32,40
DA:34,40
DA:36,40
DA:37,2
DA:38,2
DA:39,0
DA:42,2
DA:43,2
DA:45,2
DA:46,1
DA:48,1
DA:53,26
DA:54,26
DA:55,13
DA:56,13
DA:57,13
DA:58,13
DA:59,1
DA:60,1
DA:61,1
DA:62,12
DA:63,1
DA:64,1
DA:65,1
DA:66,11
DA:67,1
DA:68,1
DA:69,1
DA:70,10
DA:71,1
DA:72,1
DA:73,1
DA:74,9
DA:75,1
DA:76,1
DA:77,1
DA:78,8
DA:79,1
DA:80,1
DA:81,1
DA:82,7
DA:83,1
DA:84,1
DA:85,1
DA:86,6
DA:87,1
DA:88,1
DA:89,1
DA:90,5
DA:91,1
DA:92,1
DA:93,1
DA:95,4
DA:96,2
DA:98,2
DA:104,2
DA:105,2
DA:106,2
DA:119,2
DA:120,2
DA:121,2
DA:122,2
DA:123,2
DA:126,0
DA:127,0
DA:134,2
DA:135,2
DA:137,2
DA:138,2
DA:139,2
DA:140,2
DA:143,0
DA:144,0
DA:145,0
DA:149,0
DA:154,40
DA:166,40
DA:167,0
DA:169,40
DA:172,0
DA:185,26
DA:190,11
DA:194,6
DA:198,4
DA:202,0
DA:209,1
DA:214,9
DA:220,10
DA:224,0
DA:228,5
DA:232,3
DA:236,8
LF:110
LH:99
BRDA:38,0,0,0
BRDA:38,0,1,2
BRDA:42,1,0,2
BRDA:42,1,1,0
BRDA:45,2,0,1
BRDA:45,2,1,1
BRDA:54,3,0,13
BRDA:54,3,1,13
BRDA:58,4,0,1
BRDA:58,4,1,12
BRDA:62,5,0,1
BRDA:62,5,1,11
BRDA:66,6,0,1
BRDA:66,6,1,10
BRDA:70,7,0,1
BRDA:70,7,1,9
BRDA:74,8,0,1
BRDA:74,8,1,8
BRDA:78,9,0,1
BRDA:78,9,1,7
BRDA:78,10,0,8
BRDA:78,10,1,6
BRDA:82,11,0,1
BRDA:82,11,1,6
BRDA:86,12,0,1
BRDA:86,12,1,5
BRDA:90,13,0,1
BRDA:90,13,1,4
BRDA:95,14,0,2
BRDA:95,14,1,2
BRDA:122,15,0,2
BRDA:122,15,1,0
BRDA:139,16,0,2
BRDA:139,16,1,0
BRDA:166,17,0,0
BRDA:166,17,1,40
BRDA:166,18,0,40
BRDA:166,18,1,8
BRDA:171,19,0,40
BRDA:171,19,1,27
BRDA:206,20,0,8
BRDA:206,20,1,32
BRF:42
BRH:37
end_of_record
TN:
SF:src/Components/Welcome.js
FN:6,Welcome
FN:9,handleLogin
FN:13,handleSignup
FNF:3
FNH:3
FNDA:4,Welcome
FNDA:1,handleLogin
FNDA:1,handleSignup
DA:7,4
DA:10,1
DA:14,1
DA:17,4
LF:4
LH:4
BRF:0
BRH:0
end_of_record
TN:
SF:src/Components/WelcomeModal.js
FN:6,WelcomeModal
FN:9,handleLogin
FN:13,handleSignup
FNF:3
FNH:3
FNDA:33,WelcomeModal
FNDA:1,handleLogin
FNDA:1,handleSignup
DA:7,33
DA:10,1
DA:14,1
DA:17,33
LF:4
LH:4
BRF:0
BRH:0
end_of_record
TN:
SF:src/Images/DeLorean.js
FN:3,DeLorean
FNF:1
FNH:0
FNDA:0,DeLorean
DA:4,0
LF:1
LH:0
BRF:0
BRH:0
end_of_record
TN:
SF:src/Images/WelcomeFarmer.js
FN:3,WelcomeFarmer
FN:20,WelcomeFarmerModal
FN:35,WelcomeFarmerSidebar
FN:51,Defs
FNF:4
FNH:3
FNDA:4,WelcomeFarmer
FNDA:4,WelcomeFarmerModal
FNDA:0,WelcomeFarmerSidebar
FNDA:8,Defs
DA:4,4
DA:21,4
DA:36,0
DA:52,8
LF:4
LH:3
BRF:0
BRH:0
end_of_record
TN:
SF:src/Orders/Orders.js
FN:1,ProductInOrder
FN:11,Order
FN:34,User
FNF:3
FNH:0
FNDA:0,ProductInOrder
FNDA:0,Order
FNDA:0,User
DA:2,0
DA:3,0
DA:4,0
DA:5,0
DA:6,0
DA:7,0
DA:12,0
DA:13,0
DA:14,0
DA:15,0
DA:16,0
DA:17,0
DA:18,0
DA:19,0
DA:20,0
DA:21,0
DA:22,0
DA:23,0
DA:24,0
DA:25,0
DA:26,0
DA:27,0
DA:28,0
DA:29,0
DA:30,0
DA:35,0
DA:36,0
DA:37,0
DA:38,0
DA:39,0
DA:40,0
DA:41,0
DA:42,0
DA:43,0
DA:44,0
DA:45,0
LF:36
LH:0
BRF:0
BRH:0
end_of_record
TN:
SF:src/Products/Products.js
FN:1,ProductByFarmer
FN:21,ProductByFarmerLITE
FN:31,Farmer
FN:43,Product
FNF:4
FNH:0
FNDA:0,ProductByFarmer
FNDA:0,ProductByFarmerLITE
FNDA:0,Farmer
FNDA:0,Product
DA:3,0
DA:4,0
DA:5,0
DA:6,0
DA:7,0
DA:8,0
DA:9,0
DA:10,0
DA:11,0
DA:12,0
DA:13,0
DA:14,0
DA:15,0
DA:16,0
DA:17,0
DA:18,0
DA:22,0
DA:23,0
DA:24,0
DA:25,0
DA:26,0
DA:27,0
DA:28,0
DA:32,0
DA:33,0
DA:34,0
DA:35,0
DA:36,0
DA:37,0
DA:38,0
DA:39,0
DA:40,0
DA:44,0
DA:45,0
DA:46,0
DA:47,0
LF:36
LH:0
BRF:0
BRH:0
end_of_record
TN:
SF:src/Test/mockData.js
FNF:0
FNH:0
DA:1,1
DA:212,1
DA:899,1
DA:974,1
DA:979,1
DA:1294,1
DA:1296,1
DA:1298,1
DA:1391,1
DA:1406,1
LF:10
LH:10
BRF:0
BRH:0
end_of_record
TN:
SF:src/firebase-client/example.js
FNF:0
FNH:0
DA:9,0
DA:20,0
DA:21,0
LF:3
LH:0
BRF:0
BRH:0
end_of_record
TN:
SF:src/firebase-client/firebase-config.js
FNF:0
FNH:0
DA:2,0
LF:1
LH:0
BRF:0
BRH:0
end_of_record
