TN:
SF:src/API.js
FN:11,getProductInOrder
FN:22,(anonymous_1)
FN:25,getAllProductsByFarmers
FN:36,(anonymous_3)
FN:41,getProductsByFarmer
FN:54,(anonymous_5)
FN:57,getFarmer
FN:68,(anonymous_7)
FN:71,getAllUsers
FN:82,(anonymous_9)
FN:85,getAllProducts
FN:96,(anonymous_11)
FN:112,addOrder
FN:129,getOrders
FN:140,(anonymous_14)
FN:143,getClient
FN:157,getClientOrders
FN:170,(anonymous_17)
FN:173,userRegister
FN:197,userLogin
FN:217,userLogout
FN:232,getUserInfo
FN:246,modifyOrderStatus
FN:266,modifyWallet
FN:282,clientCheck
FN:299,createProduct
FN:314,farmerRegister
FN:326,addProduct
FN:343,deleteProduct
FN:360,modifyDelivery
FN:378,setTimeMachine
FN:397,getMonthlyNotRetiredOrders
FN:414,(anonymous_32)
FN:417,getWeeklyNotRetiredOrders
FN:432,(anonymous_34)
FNF:35
FNH:0
FNDA:0,getProductInOrder
FNDA:0,(anonymous_1)
FNDA:0,getAllProductsByFarmers
FNDA:0,(anonymous_3)
FNDA:0,getProductsByFarmer
FNDA:0,(anonymous_5)
FNDA:0,getFarmer
FNDA:0,(anonymous_7)
FNDA:0,getAllUsers
FNDA:0,(anonymous_9)
FNDA:0,getAllProducts
FNDA:0,(anonymous_11)
FNDA:0,addOrder
FNDA:0,getOrders
FNDA:0,(anonymous_14)
FNDA:0,getClient
FNDA:0,getClientOrders
FNDA:0,(anonymous_17)
FNDA:0,userRegister
FNDA:0,userLogin
FNDA:0,userLogout
FNDA:0,getUserInfo
FNDA:0,modifyOrderStatus
FNDA:0,modifyWallet
FNDA:0,clientCheck
FNDA:0,createProduct
FNDA:0,farmerRegister
FNDA:0,addProduct
FNDA:0,deleteProduct
FNDA:0,modifyDelivery
FNDA:0,setTimeMachine
FNDA:0,getMonthlyNotRetiredOrders
FNDA:0,(anonymous_32)
FNDA:0,getWeeklyNotRetiredOrders
FNDA:0,(anonymous_34)
DA:7,1
DA:12,0
DA:13,0
DA:14,0
DA:15,0
DA:16,0
DA:18,0
DA:20,0
DA:22,0
DA:26,0
DA:27,0
DA:28,0
DA:29,0
DA:30,0
DA:32,0
DA:34,0
DA:36,0
DA:42,0
DA:43,0
DA:44,0
DA:45,0
DA:46,0
DA:48,0
DA:50,0
DA:52,0
DA:54,0
DA:58,0
DA:59,0
DA:60,0
DA:61,0
DA:62,0
DA:64,0
DA:66,0
DA:68,0
DA:72,0
DA:73,0
DA:74,0
DA:75,0
DA:76,0
DA:78,0
DA:80,0
DA:82,0
DA:86,0
DA:87,0
DA:88,0
DA:89,0
DA:90,0
DA:92,0
DA:94,0
DA:96,0
DA:114,0
DA:122,0
DA:123,0
DA:125,0
DA:126,0
DA:130,0
DA:131,0
DA:132,0
DA:133,0
DA:134,0
DA:136,0
DA:138,0
DA:140,0
DA:144,0
DA:145,0
DA:146,0
DA:147,0
DA:148,0
DA:150,0
DA:152,0
DA:154,0
DA:158,0
DA:160,0
DA:161,0
DA:162,0
DA:163,0
DA:165,0
DA:166,0
DA:168,0
DA:170,0
DA:175,0
DA:182,0
DA:198,0
DA:205,0
DA:206,0
DA:207,0
DA:208,0
DA:211,0
DA:214,0
DA:218,0
DA:222,0
DA:223,0
DA:224,0
DA:227,0
DA:228,0
DA:233,0
DA:234,0
DA:235,0
DA:237,0
DA:239,0
DA:248,0
DA:259,0
DA:260,0
DA:262,0
DA:268,0
DA:276,0
DA:277,0
DA:279,0
DA:284,0
DA:292,0
DA:293,0
DA:295,0
DA:300,0
DA:302,0
DA:303,0
DA:305,0
DA:310,0
DA:316,0
DA:323,0
DA:328,0
DA:336,0
DA:337,0
DA:339,0
DA:345,0
DA:353,0
DA:354,0
DA:356,0
DA:362,0
DA:370,0
DA:371,0
DA:373,0
DA:380,0
DA:388,0
DA:389,0
DA:390,0
DA:392,0
DA:393,0
DA:398,0
DA:400,0
DA:402,0
DA:404,0
DA:405,0
DA:407,0
DA:408,0
DA:410,0
DA:412,0
DA:414,0
DA:418,0
DA:420,0
DA:421,0
DA:422,0
DA:423,0
DA:425,0
DA:426,0
DA:428,0
DA:430,0
DA:432,0
DA:435,1
LF:158
LH:2
BRDA:15,0,0,0
BRDA:15,0,1,0
BRDA:29,1,0,0
BRDA:29,1,1,0
BRDA:46,2,0,0
BRDA:46,2,1,0
BRDA:61,3,0,0
BRDA:61,3,1,0
BRDA:75,4,0,0
BRDA:75,4,1,0
BRDA:89,5,0,0
BRDA:89,5,1,0
BRDA:122,6,0,0
BRDA:122,6,1,0
BRDA:133,7,0,0
BRDA:133,7,1,0
BRDA:147,8,0,0
BRDA:147,8,1,0
BRDA:162,9,0,0
BRDA:162,9,1,0
BRDA:205,10,0,0
BRDA:205,10,1,0
BRDA:222,11,0,0
BRDA:222,11,1,0
BRDA:235,12,0,0
BRDA:235,12,1,0
BRDA:259,13,0,0
BRDA:259,13,1,0
BRDA:276,14,0,0
BRDA:276,14,1,0
BRDA:292,15,0,0
BRDA:292,15,1,0
BRDA:336,16,0,0
BRDA:336,16,1,0
BRDA:353,17,0,0
BRDA:353,17,1,0
BRDA:370,18,0,0
BRDA:370,18,1,0
BRDA:388,19,0,0
BRDA:388,19,1,0
BRDA:404,20,0,0
BRDA:404,20,1,0
BRDA:407,21,0,0
BRDA:407,21,1,0
BRDA:422,22,0,0
BRDA:422,22,1,0
BRDA:425,23,0,0
BRDA:425,23,1,0
BRF:48
BRH:0
end_of_record
TN:
SF:src/App.js
FN:23,App
FN:36,(anonymous_1)
FN:41,(anonymous_2)
FN:44,(anonymous_3)
FN:47,(anonymous_4)
FN:53,ReturnTimeMachine
FN:66,(anonymous_6)
FN:67,(anonymous_7)
FN:83,(anonymous_8)
FN:89,(anonymous_9)
FN:98,(anonymous_10)
FN:99,(anonymous_11)
FN:105,(anonymous_12)
FN:106,(anonymous_13)
FN:143,(anonymous_14)
FN:148,(anonymous_15)
FN:151,(anonymous_16)
FN:155,(anonymous_17)
FN:159,(anonymous_18)
FNF:19
FNH:0
FNDA:0,App
FNDA:0,(anonymous_1)
FNDA:0,(anonymous_2)
FNDA:0,(anonymous_3)
FNDA:0,(anonymous_4)
FNDA:0,ReturnTimeMachine
FNDA:0,(anonymous_6)
FNDA:0,(anonymous_7)
FNDA:0,(anonymous_8)
FNDA:0,(anonymous_9)
FNDA:0,(anonymous_10)
FNDA:0,(anonymous_11)
FNDA:0,(anonymous_12)
FNDA:0,(anonymous_13)
FNDA:0,(anonymous_14)
FNDA:0,(anonymous_15)
FNDA:0,(anonymous_16)
FNDA:0,(anonymous_17)
FNDA:0,(anonymous_18)
DA:24,0
DA:25,0
DA:26,0
DA:27,0
DA:28,0
DA:29,0
DA:30,0
DA:31,0
DA:32,0
DA:33,0
DA:35,0
DA:36,0
DA:37,0
DA:38,0
DA:41,0
DA:42,0
DA:43,0
DA:45,0
DA:46,0
DA:47,0
DA:55,0
DA:56,0
DA:58,0
DA:60,0
DA:61,0
DA:63,0
DA:66,0
DA:67,0
DA:68,0
DA:69,0
DA:70,0
DA:71,0
DA:72,0
DA:73,0
DA:76,0
DA:79,0
DA:83,0
DA:86,0
DA:89,0
DA:90,0
DA:91,0
DA:92,0
DA:94,0
DA:98,0
DA:99,0
DA:100,0
DA:101,0
DA:105,0
DA:106,0
DA:107,0
DA:108,0
DA:113,0
DA:143,0
DA:148,0
DA:152,0
DA:155,0
DA:159,0
LF:57
LH:0
BRDA:37,0,0,0
BRDA:37,0,1,0
BRDA:42,1,0,0
BRDA:42,1,1,0
BRDA:42,2,0,0
BRDA:42,2,1,0
BRDA:60,3,0,0
BRDA:60,3,1,0
BRDA:70,4,0,0
BRDA:70,4,1,0
BRDA:71,5,0,0
BRDA:71,5,1,0
BRDA:72,6,0,0
BRDA:72,6,1,0
BRDA:133,7,0,0
BRDA:133,7,1,0
BRDA:138,8,0,0
BRDA:138,8,1,0
BRDA:179,9,0,0
BRDA:179,9,1,0
BRDA:179,10,0,0
BRDA:179,10,1,0
BRF:22
BRH:0
end_of_record
TN:
SF:src/index.js
FNF:0
FNH:0
DA:7,0
DA:17,0
LF:2
LH:0
BRF:0
BRH:0
end_of_record
TN:
SF:src/main.js
FN:6,Main
FNF:1
FNH:0
FNDA:0,Main
DA:7,0
LF:1
LH:0
BRF:0
BRH:0
end_of_record
TN:
SF:src/reportWebVitals.js
FN:1,(anonymous_0)
FN:3,(anonymous_1)
FNF:2
FNH:0
FNDA:0,(anonymous_0)
FNDA:0,(anonymous_1)
DA:1,0
DA:2,0
DA:3,0
DA:4,0
DA:5,0
DA:6,0
DA:7,0
DA:8,0
LF:8
LH:0
BRDA:2,0,0,0
BRDA:2,0,1,0
BRDA:2,1,0,0
BRDA:2,1,1,0
BRF:4
BRH:0
end_of_record
TN:
SF:src/Components/AddNewProduct.js
FN:8,ProductNew
FN:15,(anonymous_1)
FN:20,handleClose
FN:24,handleSuccess
FN:30,submitNewProduct
FN:46,(anonymous_5)
FN:53,(anonymous_6)
FN:54,(anonymous_7)
FN:59,SuccessModal
FN:75,ModalProductNew
FN:86,(anonymous_10)
FN:90,(anonymous_11)
FN:95,(anonymous_12)
FN:110,Previews
FN:116,(anonymous_14)
FN:117,(anonymous_15)
FN:126,(anonymous_16)
FN:153,(anonymous_17)
FN:153,(anonymous_18)
FN:155,(anonymous_19)
FNF:20
FNH:3
FNDA:29,ProductNew
FNDA:0,(anonymous_1)
FNDA:0,handleClose
FNDA:0,handleSuccess
FNDA:0,submitNewProduct
FNDA:0,(anonymous_5)
FNDA:0,(anonymous_6)
FNDA:0,(anonymous_7)
FNDA:29,SuccessModal
FNDA:29,ModalProductNew
FNDA:0,(anonymous_10)
FNDA:0,(anonymous_11)
FNDA:0,(anonymous_12)
FNDA:0,Previews
FNDA:0,(anonymous_14)
FNDA:0,(anonymous_15)
FNDA:0,(anonymous_16)
FNDA:0,(anonymous_17)
FNDA:0,(anonymous_18)
FNDA:0,(anonymous_19)
DA:9,29
DA:10,29
DA:11,29
DA:12,29
DA:13,29
DA:15,29
DA:17,0
DA:21,0
DA:25,0
DA:26,0
DA:27,0
DA:32,0
DA:34,0
DA:38,0
DA:39,0
DA:40,0
DA:44,29
DA:46,0
DA:53,0
DA:54,0
DA:60,29
DA:77,29
DA:86,0
DA:90,0
DA:95,0
DA:111,0
DA:112,0
DA:117,0
DA:122,0
DA:126,0
DA:127,0
DA:153,0
DA:155,0
DA:158,0
LF:34
LH:9
BRDA:39,0,0,0
BRDA:39,0,1,0
BRDA:167,1,0,0
BRDA:167,1,1,0
BRF:4
BRH:0
end_of_record
TN:
SF:src/Components/Calendary.js
FN:6,App
FNF:1
FNH:0
FNDA:0,App
DA:7,0
DA:9,0
LF:2
LH:0
BRDA:19,0,0,0
BRDA:19,0,1,0
BRF:2
BRH:0
end_of_record
TN:
SF:src/Components/ClientOrders.js
FN:9,ClientOrders
FN:13,(anonymous_1)
FN:16,(anonymous_2)
FN:20,(anonymous_3)
FN:23,(anonymous_4)
FN:27,(anonymous_5)
FN:31,(anonymous_6)
FN:35,(anonymous_7)
FN:51,(anonymous_8)
FN:73,OrderRow
FN:111,(anonymous_10)
FN:117,(anonymous_11)
FN:145,ProductList
FN:168,NoOrders
FNF:14
FNH:0
FNDA:0,ClientOrders
FNDA:0,(anonymous_1)
FNDA:0,(anonymous_2)
FNDA:0,(anonymous_3)
FNDA:0,(anonymous_4)
FNDA:0,(anonymous_5)
FNDA:0,(anonymous_6)
FNDA:0,(anonymous_7)
FNDA:0,(anonymous_8)
FNDA:0,OrderRow
FNDA:0,(anonymous_10)
FNDA:0,(anonymous_11)
FNDA:0,ProductList
FNDA:0,NoOrders
DA:10,0
DA:11,0
DA:12,0
DA:13,0
DA:14,0
DA:15,0
DA:17,0
DA:18,0
DA:19,0
DA:20,0
DA:23,0
DA:24,0
DA:25,0
DA:26,0
DA:28,0
DA:29,0
DA:30,0
DA:31,0
DA:35,0
DA:37,0
DA:40,0
DA:52,0
DA:67,0
DA:76,0
DA:77,0
DA:78,0
DA:79,0
DA:80,0
DA:81,0
DA:82,0
DA:83,0
DA:86,0
DA:112,0
DA:117,0
DA:147,0
DA:149,0
DA:169,0
LF:37
LH:0
BRDA:24,0,0,0
BRDA:24,0,1,0
BRDA:42,1,0,0
BRDA:42,1,1,0
BRDA:51,2,0,0
BRDA:51,2,1,0
BRDA:76,3,0,0
BRDA:76,3,1,0
BRDA:78,4,0,0
BRDA:78,4,1,0
BRDA:80,5,0,0
BRDA:80,5,1,0
BRDA:82,6,0,0
BRDA:82,6,1,0
BRDA:120,7,0,0
BRDA:120,7,1,0
BRDA:120,8,0,0
BRDA:120,8,1,0
BRDA:126,9,0,0
BRDA:126,9,1,0
BRF:20
BRH:0
end_of_record
TN:
SF:src/Components/ClientView.js
FN:7,ClientView
FN:13,(anonymous_1)
FN:17,(anonymous_2)
FN:20,(anonymous_3)
FN:28,(anonymous_4)
FN:52,(anonymous_5)
FN:55,(anonymous_6)
FN:55,(anonymous_7)
FN:68,ClientRow
FN:104,ButtonBalance
FN:106,(anonymous_10)
FN:107,(anonymous_11)
FN:110,(anonymous_12)
FN:111,(anonymous_13)
FN:117,HandleOperation
FN:120,UpdateNumber
FN:134,UpdateNumberInput
FN:151,handleUpdate
FN:165,handleRefresh
FN:182,(anonymous_19)
FN:187,(anonymous_20)
FN:191,(anonymous_21)
FN:221,UserSearchBar
FN:223,ManageSearch
FN:225,(anonymous_24)
FN:230,(anonymous_25)
FN:231,(anonymous_26)
FN:238,NoClients
FNF:28
FNH:0
FNDA:0,ClientView
FNDA:0,(anonymous_1)
FNDA:0,(anonymous_2)
FNDA:0,(anonymous_3)
FNDA:0,(anonymous_4)
FNDA:0,(anonymous_5)
FNDA:0,(anonymous_6)
FNDA:0,(anonymous_7)
FNDA:0,ClientRow
FNDA:0,ButtonBalance
FNDA:0,(anonymous_10)
FNDA:0,(anonymous_11)
FNDA:0,(anonymous_12)
FNDA:0,(anonymous_13)
FNDA:0,HandleOperation
FNDA:0,UpdateNumber
FNDA:0,UpdateNumberInput
FNDA:0,handleUpdate
FNDA:0,handleRefresh
FNDA:0,(anonymous_19)
FNDA:0,(anonymous_20)
FNDA:0,(anonymous_21)
FNDA:0,UserSearchBar
FNDA:0,ManageSearch
FNDA:0,(anonymous_24)
FNDA:0,(anonymous_25)
FNDA:0,(anonymous_26)
FNDA:0,NoClients
DA:8,0
DA:9,0
DA:10,0
DA:11,0
DA:13,0
DA:14,0
DA:15,0
DA:16,0
DA:18,0
DA:19,0
DA:20,0
DA:22,0
DA:28,0
DA:29,0
DA:30,0
DA:31,0
DA:35,0
DA:36,0
DA:40,0
DA:52,0
DA:55,0
DA:70,0
DA:105,0
DA:106,0
DA:107,0
DA:109,0
DA:110,0
DA:111,0
DA:113,0
DA:114,0
DA:115,0
DA:118,0
DA:121,0
DA:122,0
DA:123,0
DA:125,0
DA:126,0
DA:127,0
DA:130,0
DA:135,0
DA:136,0
DA:137,0
DA:138,0
DA:143,0
DA:144,0
DA:146,0
DA:152,0
DA:153,0
DA:157,0
DA:158,0
DA:159,0
DA:161,0
DA:166,0
DA:167,0
DA:170,0
DA:182,0
DA:187,0
DA:191,0
DA:224,0
DA:225,0
DA:228,0
DA:230,0
DA:231,0
DA:239,0
LF:64
LH:0
BRDA:15,0,0,0
BRDA:15,0,1,0
BRDA:29,1,0,0
BRDA:29,1,1,0
BRDA:35,2,0,0
BRDA:35,2,1,0
BRDA:42,3,0,0
BRDA:42,3,1,0
BRDA:52,4,0,0
BRDA:52,4,1,0
BRDA:55,5,0,0
BRDA:55,5,1,0
BRDA:55,6,0,0
BRDA:55,6,1,0
BRDA:80,7,0,0
BRDA:80,7,1,0
BRDA:81,8,0,0
BRDA:81,8,1,0
BRDA:92,9,0,0
BRDA:92,9,1,0
BRDA:97,10,0,0
BRDA:97,10,1,0
BRDA:118,11,0,0
BRDA:118,11,1,0
BRDA:121,12,0,0
BRDA:121,12,1,0
BRDA:121,13,0,0
BRDA:121,13,1,0
BRDA:125,14,0,0
BRDA:125,14,1,0
BRDA:136,15,0,0
BRDA:136,15,1,0
BRDA:136,16,0,0
BRDA:136,16,1,0
BRDA:136,16,2,0
BRF:35
BRH:0
end_of_record
TN:
SF:src/Components/CustomerSearchBar.js
FN:5,UserDropdown
FN:13,(anonymous_1)
FN:18,(anonymous_2)
FNF:3
FNH:0
FNDA:0,UserDropdown
FNDA:0,(anonymous_1)
FNDA:0,(anonymous_2)
DA:6,0
DA:7,0
DA:13,0
DA:19,0
LF:4
LH:0
BRF:0
BRH:0
end_of_record
TN:
SF:src/Components/Deliver.js
FN:16,Deliver
FN:22,submitDelivery
FN:43,(anonymous_2)
FN:50,(anonymous_3)
FN:63,ModalDeliveryNew
FN:74,(anonymous_5)
FN:80,(anonymous_6)
FN:103,DeliveryBottom
FN:111,(anonymous_8)
FN:118,(anonymous_9)
FN:123,(anonymous_10)
FN:131,(anonymous_11)
FNF:12
FNH:0
FNDA:0,Deliver
FNDA:0,submitDelivery
FNDA:0,(anonymous_2)
FNDA:0,(anonymous_3)
FNDA:0,ModalDeliveryNew
FNDA:0,(anonymous_5)
FNDA:0,(anonymous_6)
FNDA:0,DeliveryBottom
FNDA:0,(anonymous_8)
FNDA:0,(anonymous_9)
FNDA:0,(anonymous_10)
FNDA:0,(anonymous_11)
DA:17,0
DA:18,0
DA:19,0
DA:20,0
DA:23,0
DA:24,0
DA:25,0
DA:26,0
DA:31,0
DA:32,0
DA:33,0
DA:39,0
DA:43,0
DA:50,0
DA:65,0
DA:74,0
DA:80,0
DA:104,0
DA:111,1
DA:112,0
DA:113,0
DA:118,0
DA:123,1
DA:124,0
DA:126,0
DA:128,0
DA:131,0
LF:27
LH:2
BRF:0
BRH:0
end_of_record
TN:
SF:src/Components/EmployeeView.js
FN:12,EmployeeView
FN:20,(anonymous_1)
FN:23,(anonymous_2)
FN:28,(anonymous_3)
FN:31,(anonymous_4)
FN:35,(anonymous_5)
FN:40,(anonymous_6)
FN:45,(anonymous_7)
FN:66,(anonymous_8)
FN:68,(anonymous_9)
FN:68,(anonymous_10)
FN:68,(anonymous_11)
FN:69,(anonymous_12)
FN:69,(anonymous_13)
FN:92,OrderRow
FN:98,(anonymous_15)
FN:99,(anonymous_16)
FN:154,(anonymous_17)
FN:164,(anonymous_18)
FN:182,(anonymous_19)
FN:191,(anonymous_20)
FN:201,(anonymous_21)
FN:210,(anonymous_22)
FN:242,ProductList
FN:270,NoOrders
FNF:25
FNH:0
FNDA:0,EmployeeView
FNDA:0,(anonymous_1)
FNDA:0,(anonymous_2)
FNDA:0,(anonymous_3)
FNDA:0,(anonymous_4)
FNDA:0,(anonymous_5)
FNDA:0,(anonymous_6)
FNDA:0,(anonymous_7)
FNDA:0,(anonymous_8)
FNDA:0,(anonymous_9)
FNDA:0,(anonymous_10)
FNDA:0,(anonymous_11)
FNDA:0,(anonymous_12)
FNDA:0,(anonymous_13)
FNDA:0,OrderRow
FNDA:0,(anonymous_15)
FNDA:0,(anonymous_16)
FNDA:0,(anonymous_17)
FNDA:0,(anonymous_18)
FNDA:0,(anonymous_19)
FNDA:0,(anonymous_20)
FNDA:0,(anonymous_21)
FNDA:0,(anonymous_22)
FNDA:0,ProductList
FNDA:0,NoOrders
DA:14,0
DA:15,0
DA:16,0
DA:17,0
DA:18,0
DA:20,0
DA:21,0
DA:22,0
DA:24,0
DA:25,0
DA:26,0
DA:27,0
DA:28,0
DA:31,0
DA:32,0
DA:33,0
DA:34,0
DA:36,0
DA:37,0
DA:38,0
DA:39,0
DA:40,0
DA:45,0
DA:48,0
DA:51,0
DA:66,0
DA:68,0
DA:69,0
DA:71,0
DA:73,0
DA:88,1
DA:89,1
DA:93,0
DA:96,0
DA:98,0
DA:99,0
DA:103,0
DA:104,0
DA:105,0
DA:106,0
DA:107,0
DA:108,0
DA:109,0
DA:110,0
DA:111,0
DA:112,0
DA:114,0
DA:115,0
DA:116,0
DA:117,0
DA:118,0
DA:119,0
DA:120,0
DA:121,0
DA:122,0
DA:123,0
DA:127,0
DA:155,0
DA:164,0
DA:183,0
DA:184,0
DA:185,0
DA:186,0
DA:187,0
DA:192,0
DA:193,0
DA:194,0
DA:195,0
DA:196,0
DA:202,0
DA:203,0
DA:204,0
DA:205,0
DA:207,0
DA:211,0
DA:212,0
DA:213,0
DA:214,0
DA:215,0
DA:244,0
DA:246,0
DA:271,0
LF:82
LH:2
BRDA:32,0,0,0
BRDA:32,0,1,0
BRDA:59,1,0,0
BRDA:59,1,1,0
BRDA:66,2,0,0
BRDA:66,2,1,0
BRDA:66,3,0,0
BRDA:66,3,1,0
BRDA:68,4,0,0
BRDA:68,4,1,0
BRDA:68,5,0,0
BRDA:68,5,1,0
BRDA:68,5,2,0
BRDA:68,6,0,0
BRDA:68,6,1,0
BRDA:68,7,0,0
BRDA:68,7,1,0
BRDA:68,8,0,0
BRDA:68,8,1,0
BRDA:69,9,0,0
BRDA:69,9,1,0
BRDA:71,10,0,0
BRDA:71,10,1,0
BRDA:71,11,0,0
BRDA:71,11,1,0
BRDA:71,11,2,0
BRDA:78,12,0,0
BRDA:78,12,1,0
BRDA:93,13,0,0
BRDA:93,13,1,0
BRDA:103,14,0,0
BRDA:103,14,1,0
BRDA:108,15,0,0
BRDA:108,15,1,0
BRDA:114,16,0,0
BRDA:114,16,1,0
BRDA:119,17,0,0
BRDA:119,17,1,0
BRDA:167,18,0,0
BRDA:167,18,1,0
BRDA:167,19,0,0
BRDA:167,19,1,0
BRDA:172,20,0,0
BRDA:172,20,1,0
BRF:44
BRH:0
end_of_record
TN:
SF:src/Components/FarmerProducts.js
FN:14,FarmerProducts
FN:23,addProdTest
FN:45,(anonymous_2)
FN:66,deleteProductByFarmer
FN:73,(anonymous_4)
FN:85,(anonymous_5)
FN:88,(anonymous_6)
FN:93,(anonymous_7)
FN:97,(anonymous_8)
FN:100,(anonymous_9)
FN:103,(anonymous_10)
FN:111,(anonymous_11)
FN:122,(anonymous_12)
FN:122,(anonymous_13)
FN:124,(anonymous_14)
FN:125,(anonymous_15)
FN:131,(anonymous_16)
FN:136,(anonymous_17)
FN:144,ProductCard
FN:155,(anonymous_19)
FN:156,(anonymous_20)
FN:166,(anonymous_21)
FN:167,(anonymous_22)
FN:177,(anonymous_23)
FN:197,ProductByFarmerModal
FN:206,AddProduct
FN:230,Validate
FN:264,(anonymous_27)
FN:268,(anonymous_28)
FN:272,(anonymous_29)
FN:274,(anonymous_30)
FN:289,PictureModal
FN:311,ProductsDropdown
FN:323,(anonymous_33)
FN:328,(anonymous_34)
FNF:35
FNH:25
FNDA:42,FarmerProducts
FNDA:1,addProdTest
FNDA:1,(anonymous_2)
FNDA:1,deleteProductByFarmer
FNDA:7,(anonymous_4)
FNDA:12,(anonymous_5)
FNDA:6,(anonymous_6)
FNDA:0,(anonymous_7)
FNDA:12,(anonymous_8)
FNDA:6,(anonymous_9)
FNDA:0,(anonymous_10)
FNDA:6,(anonymous_11)
FNDA:780,(anonymous_12)
FNDA:5145,(anonymous_13)
FNDA:0,(anonymous_14)
FNDA:0,(anonymous_15)
FNDA:105,(anonymous_16)
FNDA:0,(anonymous_17)
FNDA:110,ProductCard
FNDA:1,(anonymous_19)
FNDA:0,(anonymous_20)
FNDA:1,(anonymous_21)
FNDA:1,(anonymous_22)
FNDA:1,(anonymous_23)
FNDA:137,ProductByFarmerModal
FNDA:1,AddProduct
FNDA:1,Validate
FNDA:0,(anonymous_27)
FNDA:0,(anonymous_28)
FNDA:0,(anonymous_29)
FNDA:0,(anonymous_30)
FNDA:108,PictureModal
FNDA:29,ProductsDropdown
FNDA:97,(anonymous_33)
FNDA:4,(anonymous_34)
DA:8,1
DA:9,1
DA:10,1
DA:15,42
DA:16,41
DA:17,41
DA:18,41
DA:19,41
DA:20,41
DA:21,41
DA:25,1
DA:27,1
DA:39,1
DA:40,1
DA:41,0
DA:43,1
DA:44,1
DA:45,1
DA:46,1
DA:47,1
DA:48,1
DA:49,1
DA:52,0
DA:53,0
DA:56,1
DA:60,0
DA:67,1
DA:68,1
DA:69,1
DA:70,0
DA:73,7
DA:74,1
DA:75,1
DA:76,1
DA:80,0
DA:85,41
DA:86,12
DA:87,6
DA:90,6
DA:91,6
DA:92,6
DA:93,0
DA:97,41
DA:98,12
DA:99,6
DA:101,6
DA:102,6
DA:104,0
DA:105,0
DA:106,0
DA:111,41
DA:112,6
DA:113,6
DA:117,41
DA:122,5145
DA:124,0
DA:125,0
DA:132,105
DA:136,0
DA:139,12
DA:145,110
DA:146,108
DA:148,108
DA:153,108
DA:155,1
DA:156,0
DA:166,1
DA:167,1
DA:177,1
DA:200,137
DA:201,137
DA:202,137
DA:203,137
DA:208,1
DA:209,0
DA:212,1
DA:220,1
DA:221,1
DA:222,1
DA:223,0
DA:224,0
DA:225,0
DA:231,1
DA:232,0
DA:233,0
DA:235,1
DA:236,0
DA:237,0
DA:239,1
DA:240,0
DA:241,0
DA:243,1
DA:246,137
DA:247,28
DA:249,109
DA:264,0
DA:268,0
DA:272,0
DA:274,0
DA:290,108
DA:316,29
DA:317,29
DA:323,97
DA:329,4
LF:104
LH:76
BRDA:29,0,0,0
BRDA:29,0,1,1
BRDA:40,1,0,0
BRDA:40,1,1,1
BRDA:43,2,0,1
BRDA:43,2,1,0
BRDA:69,3,0,0
BRDA:69,3,1,1
BRDA:86,4,0,6
BRDA:86,4,1,6
BRDA:98,5,0,6
BRDA:98,5,1,6
BRDA:112,6,0,6
BRDA:112,6,1,0
BRDA:117,7,0,29
BRDA:117,7,1,12
BRDA:117,8,0,41
BRDA:117,8,1,29
BRDA:121,9,0,0
BRDA:121,9,1,29
BRDA:121,10,0,29
BRDA:121,10,1,0
BRDA:122,11,0,15
BRDA:122,11,1,14
BRDA:124,12,0,1
BRDA:124,12,1,28
BRDA:131,13,0,17
BRDA:131,13,1,12
BRDA:136,14,0,1
BRDA:136,14,1,28
BRDA:200,15,0,108
BRDA:200,15,1,29
BRDA:201,16,0,108
BRDA:201,16,1,29
BRDA:202,17,0,108
BRDA:202,17,1,29
BRDA:208,18,0,0
BRDA:208,18,1,1
BRDA:213,19,0,1
BRDA:213,19,1,0
BRDA:222,20,0,0
BRDA:222,20,1,1
BRDA:231,21,0,0
BRDA:231,21,1,1
BRDA:231,22,0,1
BRDA:231,22,1,1
BRDA:235,23,0,0
BRDA:235,23,1,1
BRDA:235,24,0,1
BRDA:235,24,1,1
BRDA:235,24,2,1
BRDA:239,25,0,0
BRDA:239,25,1,1
BRDA:246,26,0,28
BRDA:246,26,1,109
BRDA:246,27,0,137
BRDA:246,27,1,28
BRDA:279,28,0,1
BRDA:279,28,1,108
BRF:59
BRH:46
end_of_record
TN:
SF:src/Components/Navbar.js
FN:11,ZeroNavbar
FN:13,(anonymous_1)
FN:14,(anonymous_2)
FN:19,handleLogout
FN:24,handleHome
FN:29,handleTime
FN:33,handleLogin
FN:37,handleSignup
FN:41,handleClose
FN:48,handleTelegram
FN:106,(anonymous_10)
FN:143,TimeMachine
FN:158,onSubmit
FN:187,(anonymous_13)
FN:193,(anonymous_14)
FN:215,EmployeeSidebar
FN:224,(anonymous_16)
FN:225,(anonymous_17)
FN:226,(anonymous_18)
FN:227,(anonymous_19)
FN:228,(anonymous_20)
FN:235,(anonymous_21)
FN:236,(anonymous_22)
FN:242,(anonymous_23)
FN:243,(anonymous_24)
FN:248,FarmerSidebar
FN:256,(anonymous_26)
FN:263,(anonymous_27)
FN:271,ClientSidebar
FN:279,(anonymous_29)
FN:286,(anonymous_30)
FN:293,ManagerSidebar
FN:301,(anonymous_32)
FNF:33
FNH:0
FNDA:0,ZeroNavbar
FNDA:0,(anonymous_1)
FNDA:0,(anonymous_2)
FNDA:0,handleLogout
FNDA:0,handleHome
FNDA:0,handleTime
FNDA:0,handleLogin
FNDA:0,handleSignup
FNDA:0,handleClose
FNDA:0,handleTelegram
FNDA:0,(anonymous_10)
FNDA:0,TimeMachine
FNDA:0,onSubmit
FNDA:0,(anonymous_13)
FNDA:0,(anonymous_14)
FNDA:0,EmployeeSidebar
FNDA:0,(anonymous_16)
FNDA:0,(anonymous_17)
FNDA:0,(anonymous_18)
FNDA:0,(anonymous_19)
FNDA:0,(anonymous_20)
FNDA:0,(anonymous_21)
FNDA:0,(anonymous_22)
FNDA:0,(anonymous_23)
FNDA:0,(anonymous_24)
FNDA:0,FarmerSidebar
FNDA:0,(anonymous_26)
FNDA:0,(anonymous_27)
FNDA:0,ClientSidebar
FNDA:0,(anonymous_29)
FNDA:0,(anonymous_30)
FNDA:0,ManagerSidebar
FNDA:0,(anonymous_32)
DA:12,0
DA:13,0
DA:14,0
DA:16,0
DA:17,0
DA:20,0
DA:21,0
DA:25,0
DA:26,0
DA:30,0
DA:34,0
DA:38,0
DA:42,0
DA:43,0
DA:44,0
DA:45,0
DA:49,0
DA:52,0
DA:106,0
DA:144,0
DA:145,0
DA:146,0
DA:148,0
DA:149,0
DA:150,0
DA:151,0
DA:152,0
DA:154,0
DA:155,0
DA:159,0
DA:160,0
DA:161,0
DA:163,0
DA:164,0
DA:168,0
DA:187,0
DA:193,0
DA:216,0
DA:218,0
DA:224,0
DA:225,0
DA:226,0
DA:227,0
DA:228,0
DA:235,0
DA:236,0
DA:242,0
DA:243,0
DA:249,0
DA:250,0
DA:256,0
DA:263,0
DA:272,0
DA:273,0
DA:279,0
DA:286,0
DA:294,0
DA:295,0
DA:301,0
LF:59
LH:0
BRDA:44,0,0,0
BRDA:44,0,1,0
BRDA:60,1,0,0
BRDA:60,1,1,0
BRDA:96,2,0,0
BRDA:96,2,1,0
BRDA:103,3,0,0
BRDA:103,3,1,0
BRDA:115,4,0,0
BRDA:115,4,1,0
BRDA:117,5,0,0
BRDA:117,5,1,0
BRDA:119,6,0,0
BRDA:119,6,1,0
BRDA:121,7,0,0
BRDA:121,7,1,0
BRDA:130,8,0,0
BRDA:130,8,1,0
BRDA:131,9,0,0
BRDA:131,9,1,0
BRDA:132,10,0,0
BRDA:132,10,1,0
BRDA:163,11,0,0
BRDA:163,11,1,0
BRDA:163,12,0,0
BRDA:163,12,1,0
BRF:26
BRH:0
end_of_record
TN:
SF:src/Components/ProductTable.js
FN:13,ProductTable
FN:20,(anonymous_1)
FN:25,(anonymous_2)
FN:37,(anonymous_3)
FN:41,(anonymous_4)
FN:44,(anonymous_5)
FN:47,(anonymous_6)
FN:54,(anonymous_7)
FN:59,(anonymous_8)
FN:72,(anonymous_9)
FN:79,ProductTableWrapped
FN:80,(anonymous_11)
FN:84,(anonymous_12)
FN:86,(anonymous_13)
FN:87,(anonymous_14)
FN:91,(anonymous_15)
FN:92,(anonymous_16)
FN:101,CanOrder
FN:116,(anonymous_18)
FN:118,(anonymous_19)
FN:120,(anonymous_20)
FN:125,(anonymous_21)
FN:127,(anonymous_22)
FN:134,(anonymous_23)
FN:137,(anonymous_24)
FN:140,prodNumInit
FN:142,(anonymous_26)
FN:147,UpdateNumber
FN:157,UpdateNumberInput
FN:175,submitOrder
FN:189,(anonymous_30)
FN:226,(anonymous_31)
FN:237,(anonymous_32)
FN:246,(anonymous_33)
FN:264,NoProductFound
FN:276,AvailableAmountButton
FN:282,CartBottomButton
FN:284,(anonymous_37)
FN:297,OrderConfirmedModal
FN:328,CartCheckoutModal
FN:330,(anonymous_40)
FN:338,(anonymous_41)
FN:340,(anonymous_42)
FN:344,(anonymous_43)
FN:350,(anonymous_44)
FN:356,ErrorModal
FN:372,FarmerRow
FN:375,(anonymous_47)
FN:377,(anonymous_48)
FN:385,(anonymous_49)
FN:410,(anonymous_50)
FN:412,(anonymous_51)
FN:434,ProductCard
FN:438,(anonymous_53)
FN:439,(anonymous_54)
FN:467,(anonymous_55)
FN:482,DescriptionModal
FN:512,ProductsCounter
FN:513,(anonymous_58)
FN:516,(anonymous_59)
FN:519,(anonymous_60)
FN:520,(anonymous_61)
FN:528,SearchBar
FN:531,ManageSearch
FN:533,(anonymous_64)
FN:538,(anonymous_65)
FN:539,(anonymous_66)
FNF:67
FNH:0
FNDA:0,ProductTable
FNDA:0,(anonymous_1)
FNDA:0,(anonymous_2)
FNDA:0,(anonymous_3)
FNDA:0,(anonymous_4)
FNDA:0,(anonymous_5)
FNDA:0,(anonymous_6)
FNDA:0,(anonymous_7)
FNDA:0,(anonymous_8)
FNDA:0,(anonymous_9)
FNDA:0,ProductTableWrapped
FNDA:0,(anonymous_11)
FNDA:0,(anonymous_12)
FNDA:0,(anonymous_13)
FNDA:0,(anonymous_14)
FNDA:0,(anonymous_15)
FNDA:0,(anonymous_16)
FNDA:0,CanOrder
FNDA:0,(anonymous_18)
FNDA:0,(anonymous_19)
FNDA:0,(anonymous_20)
FNDA:0,(anonymous_21)
FNDA:0,(anonymous_22)
FNDA:0,(anonymous_23)
FNDA:0,(anonymous_24)
FNDA:0,prodNumInit
FNDA:0,(anonymous_26)
FNDA:0,UpdateNumber
FNDA:0,UpdateNumberInput
FNDA:0,submitOrder
FNDA:0,(anonymous_30)
FNDA:0,(anonymous_31)
FNDA:0,(anonymous_32)
FNDA:0,(anonymous_33)
FNDA:0,NoProductFound
FNDA:0,AvailableAmountButton
FNDA:0,CartBottomButton
FNDA:0,(anonymous_37)
FNDA:0,OrderConfirmedModal
FNDA:0,CartCheckoutModal
FNDA:0,(anonymous_40)
FNDA:0,(anonymous_41)
FNDA:0,(anonymous_42)
FNDA:0,(anonymous_43)
FNDA:0,(anonymous_44)
FNDA:0,ErrorModal
FNDA:0,FarmerRow
FNDA:0,(anonymous_47)
FNDA:0,(anonymous_48)
FNDA:0,(anonymous_49)
FNDA:0,(anonymous_50)
FNDA:0,(anonymous_51)
FNDA:0,ProductCard
FNDA:0,(anonymous_53)
FNDA:0,(anonymous_54)
FNDA:0,(anonymous_55)
FNDA:0,DescriptionModal
FNDA:0,ProductsCounter
FNDA:0,(anonymous_58)
FNDA:0,(anonymous_59)
FNDA:0,(anonymous_60)
FNDA:0,(anonymous_61)
FNDA:0,SearchBar
FNDA:0,ManageSearch
FNDA:0,(anonymous_64)
FNDA:0,(anonymous_65)
FNDA:0,(anonymous_66)
DA:15,0
DA:16,0
DA:17,0
DA:18,0
DA:19,0
DA:20,0
DA:21,0
DA:22,0
DA:25,0
DA:27,0
DA:29,0
DA:31,0
DA:33,0
DA:34,0
DA:36,0
DA:38,0
DA:39,0
DA:40,0
DA:41,0
DA:43,0
DA:45,0
DA:46,0
DA:47,0
DA:49,0
DA:50,0
DA:54,0
DA:55,0
DA:56,0
DA:59,0
DA:60,0
DA:61,0
DA:63,0
DA:64,0
DA:67,0
DA:72,0
DA:80,0
DA:81,0
DA:82,0
DA:83,0
DA:84,0
DA:85,0
DA:86,0
DA:87,0
DA:88,0
DA:89,0
DA:90,0
DA:91,0
DA:92,0
DA:93,0
DA:94,0
DA:96,0
DA:97,0
DA:98,0
DA:102,0
DA:104,0
DA:105,0
DA:106,0
DA:107,0
DA:108,0
DA:109,0
DA:112,0
DA:116,0
DA:117,0
DA:118,0
DA:119,0
DA:120,0
DA:122,0
DA:123,0
DA:125,0
DA:126,0
DA:127,0
DA:134,0
DA:135,0
DA:136,0
DA:137,0
DA:141,0
DA:142,0
DA:143,0
DA:149,0
DA:150,0
DA:151,0
DA:152,0
DA:153,0
DA:155,0
DA:158,0
DA:159,0
DA:160,0
DA:161,0
DA:163,0
DA:164,0
DA:167,0
DA:168,0
DA:170,0
DA:172,0
DA:176,0
DA:179,0
DA:180,0
DA:181,0
DA:182,0
DA:183,0
DA:186,0
DA:189,0
DA:190,0
DA:191,0
DA:193,0
DA:194,0
DA:199,0
DA:200,0
DA:201,0
DA:202,0
DA:205,0
DA:209,0
DA:210,0
DA:214,0
DA:226,0
DA:237,0
DA:247,0
DA:265,0
DA:277,0
DA:283,0
DA:284,0
DA:285,0
DA:286,0
DA:287,0
DA:289,0
DA:298,0
DA:329,0
DA:330,0
DA:332,0
DA:338,0
DA:340,0
DA:344,0
DA:350,0
DA:357,0
DA:373,0
DA:375,0
DA:376,0
DA:378,0
DA:379,0
DA:380,0
DA:385,0
DA:387,0
DA:388,0
DA:411,0
DA:413,0
DA:430,0
DA:435,0
DA:437,0
DA:438,0
DA:439,0
DA:442,0
DA:444,0
DA:467,0
DA:483,0
DA:513,0
DA:514,0
DA:516,0
DA:519,0
DA:520,0
DA:532,0
DA:533,0
DA:536,0
DA:538,0
DA:539,0
LF:164
LH:0
BRDA:27,0,0,0
BRDA:27,0,1,0
BRDA:55,1,0,0
BRDA:55,1,1,0
BRDA:60,2,0,0
BRDA:60,2,1,0
BRDA:68,3,0,0
BRDA:68,3,1,0
BRDA:106,4,0,0
BRDA:106,4,1,0
BRDA:106,5,0,0
BRDA:106,5,1,0
BRDA:106,5,2,0
BRDA:106,5,3,0
BRDA:107,6,0,0
BRDA:107,6,1,0
BRDA:117,7,0,0
BRDA:117,7,1,0
BRDA:122,8,0,0
BRDA:122,8,1,0
BRDA:150,9,0,0
BRDA:150,9,1,0
BRDA:152,10,0,0
BRDA:152,10,1,0
BRDA:152,11,0,0
BRDA:152,11,1,0
BRDA:152,11,2,0
BRDA:152,11,3,0
BRDA:161,12,0,0
BRDA:161,12,1,0
BRDA:161,13,0,0
BRDA:161,13,1,0
BRDA:167,14,0,0
BRDA:167,14,1,0
BRDA:179,15,0,0
BRDA:179,15,1,0
BRDA:180,16,0,0
BRDA:180,16,1,0
BRDA:181,17,0,0
BRDA:181,17,1,0
BRDA:190,18,0,0
BRDA:190,18,1,0
BRDA:193,19,0,0
BRDA:193,19,1,0
BRDA:193,20,0,0
BRDA:193,20,1,0
BRDA:193,20,2,0
BRDA:222,21,0,0
BRDA:222,21,1,0
BRDA:222,22,0,0
BRDA:222,22,1,0
BRDA:224,23,0,0
BRDA:224,23,1,0
BRDA:243,24,0,0
BRDA:243,24,1,0
BRDA:243,25,0,0
BRDA:243,25,1,0
BRDA:258,26,0,0
BRDA:258,26,1,0
BRDA:258,27,0,0
BRDA:258,27,1,0
BRDA:284,28,0,0
BRDA:284,28,1,0
BRDA:285,29,0,0
BRDA:285,29,1,0
BRDA:286,30,0,0
BRDA:286,30,1,0
BRDA:338,31,0,0
BRDA:338,31,1,0
BRDA:338,32,0,0
BRDA:338,32,1,0
BRDA:340,33,0,0
BRDA:340,33,1,0
BRDA:344,34,0,0
BRDA:344,34,1,0
BRDA:350,35,0,0
BRDA:350,35,1,0
BRDA:378,36,0,0
BRDA:378,36,1,0
BRDA:385,37,0,0
BRDA:385,37,1,0
BRDA:387,38,0,0
BRDA:387,38,1,0
BRDA:419,39,0,0
BRDA:419,39,1,0
BRDA:420,40,0,0
BRDA:420,40,1,0
BRDA:472,41,0,0
BRDA:472,41,1,0
BRDA:472,42,0,0
BRDA:472,42,1,0
BRDA:513,43,0,0
BRDA:513,43,1,0
BRDA:516,44,0,0
BRDA:516,44,1,0
BRDA:519,45,0,0
BRDA:519,45,1,0
BRDA:520,46,0,0
BRDA:520,46,1,0
BRF:99
BRH:0
end_of_record
TN:
SF:src/Components/Profile.js
FN:7,Profile
FN:14,(anonymous_1)
FN:23,checkWallet
FN:26,(anonymous_3)
FN:38,(anonymous_4)
FN:56,(anonymous_5)
FN:64,ClientRow
FN:96,InsufficientWallet
FNF:8
FNH:0
FNDA:0,Profile
FNDA:0,(anonymous_1)
FNDA:0,checkWallet
FNDA:0,(anonymous_3)
FNDA:0,(anonymous_4)
FNDA:0,(anonymous_5)
FNDA:0,ClientRow
FNDA:0,InsufficientWallet
DA:8,0
DA:9,0
DA:10,0
DA:11,0
DA:14,0
DA:16,0
DA:17,0
DA:18,0
DA:24,0
DA:25,0
DA:27,0
DA:28,0
DA:29,0
DA:30,0
DA:34,0
DA:38,0
DA:39,0
DA:42,0
DA:56,0
DA:66,0
DA:98,0
LF:21
LH:0
BRDA:16,0,0,0
BRDA:16,0,1,0
BRDA:29,1,0,0
BRDA:29,1,1,0
BRDA:44,2,0,0
BRDA:44,2,1,0
BRDA:56,3,0,0
BRDA:56,3,1,0
BRDA:90,4,0,0
BRDA:90,4,1,0
BRF:10
BRH:0
end_of_record
TN:
SF:src/Components/SelectState.js
FN:3,SelectCity
FNF:1
FNH:0
FNDA:0,SelectCity
DA:4,0
LF:1
LH:0
BRF:0
BRH:0
end_of_record
TN:
SF:src/Components/Sidebar.js
FN:4,Sidebar
FN:25,(anonymous_1)
FN:27,(anonymous_2)
FN:28,(anonymous_3)
FN:30,(anonymous_4)
FN:42,(anonymous_5)
FN:46,(anonymous_6)
FN:50,(anonymous_7)
FN:54,(anonymous_8)
FN:61,(anonymous_9)
FNF:10
FNH:0
FNDA:0,Sidebar
FNDA:0,(anonymous_1)
FNDA:0,(anonymous_2)
FNDA:0,(anonymous_3)
FNDA:0,(anonymous_4)
FNDA:0,(anonymous_5)
FNDA:0,(anonymous_6)
FNDA:0,(anonymous_7)
FNDA:0,(anonymous_8)
FNDA:0,(anonymous_9)
DA:6,0
DA:7,0
DA:8,0
DA:9,0
DA:10,0
DA:12,0
DA:14,0
DA:25,0
DA:27,0
DA:28,0
DA:31,0
DA:32,0
DA:34,0
DA:42,0
DA:46,0
DA:50,0
DA:54,0
DA:61,0
LF:18
LH:0
BRDA:6,0,0,0
BRDA:6,0,1,0
BRDA:7,1,0,0
BRDA:7,1,1,0
BRDA:8,2,0,0
BRDA:8,2,1,0
BRDA:9,3,0,0
BRDA:9,3,1,0
BRDA:10,4,0,0
BRDA:10,4,1,0
BRDA:12,5,0,0
BRDA:12,5,1,0
BRDA:31,6,0,0
BRDA:31,6,1,0
BRF:14
BRH:0
end_of_record
TN:
SF:src/Components/UnretrievedFood.js
FN:10,Unretrieved
FN:25,(anonymous_1)
FN:27,(anonymous_2)
FN:29,(anonymous_3)
FN:32,(anonymous_4)
FN:37,(anonymous_5)
FN:40,(anonymous_6)
FN:43,(anonymous_7)
FN:46,(anonymous_8)
FN:50,(anonymous_9)
FN:56,handleClose
FN:63,(anonymous_11)
FN:89,(anonymous_12)
FN:104,(anonymous_13)
FN:114,(anonymous_14)
FN:130,(anonymous_15)
FN:140,(anonymous_16)
FN:155,FarmerRow
FN:158,(anonymous_18)
FN:159,(anonymous_19)
FN:186,(anonymous_20)
FN:199,TimeSelect
FN:214,onSubmit
FN:232,(anonymous_23)
FN:238,(anonymous_24)
FNF:25
FNH:0
FNDA:0,Unretrieved
FNDA:0,(anonymous_1)
FNDA:0,(anonymous_2)
FNDA:0,(anonymous_3)
FNDA:0,(anonymous_4)
FNDA:0,(anonymous_5)
FNDA:0,(anonymous_6)
FNDA:0,(anonymous_7)
FNDA:0,(anonymous_8)
FNDA:0,(anonymous_9)
FNDA:0,handleClose
FNDA:0,(anonymous_11)
FNDA:0,(anonymous_12)
FNDA:0,(anonymous_13)
FNDA:0,(anonymous_14)
FNDA:0,(anonymous_15)
FNDA:0,(anonymous_16)
FNDA:0,FarmerRow
FNDA:0,(anonymous_18)
FNDA:0,(anonymous_19)
FNDA:0,(anonymous_20)
FNDA:0,TimeSelect
FNDA:0,onSubmit
FNDA:0,(anonymous_23)
FNDA:0,(anonymous_24)
DA:12,0
DA:13,0
DA:14,0
DA:15,0
DA:16,0
DA:17,0
DA:18,0
DA:19,0
DA:20,0
DA:22,0
DA:23,0
DA:25,0
DA:26,0
DA:28,0
DA:29,0
DA:32,0
DA:33,0
DA:34,0
DA:36,0
DA:38,0
DA:39,0
DA:40,0
DA:42,0
DA:44,0
DA:45,0
DA:46,0
DA:50,0
DA:51,0
DA:52,0
DA:53,0
DA:57,0
DA:58,0
DA:59,0
DA:63,0
DA:66,0
DA:69,0
DA:89,0
DA:104,0
DA:115,0
DA:130,0
DA:141,0
DA:156,0
DA:158,0
DA:159,0
DA:160,0
DA:163,0
DA:164,0
DA:187,0
DA:195,0
DA:200,0
DA:201,0
DA:202,0
DA:204,0
DA:205,0
DA:206,0
DA:207,0
DA:208,0
DA:210,0
DA:211,0
DA:215,0
DA:216,0
DA:219,0
DA:232,0
DA:238,0
LF:64
LH:0
BRDA:51,0,0,0
BRDA:51,0,1,0
BRDA:58,1,0,0
BRDA:58,1,1,0
BRDA:79,2,0,0
BRDA:79,2,1,0
BRDA:79,3,0,0
BRDA:79,3,1,0
BRDA:102,4,0,0
BRDA:102,4,1,0
BRDA:128,5,0,0
BRDA:128,5,1,0
BRDA:160,6,0,0
BRDA:160,6,1,0
BRDA:163,7,0,0
BRDA:163,7,1,0
BRF:16
BRH:0
end_of_record
TN:
SF:src/Components/UserLogin.js
FN:9,UserLogin
FN:18,(anonymous_1)
FN:19,(anonymous_2)
FN:23,validform
FN:40,sendRegister
FN:43,(anonymous_5)
FN:66,handleSignUp
FN:74,(anonymous_7)
FN:85,(anonymous_8)
FN:96,(anonymous_9)
FN:112,(anonymous_10)
FN:115,(anonymous_11)
FN:121,(anonymous_12)
FN:134,LoginResponseModal
FN:152,SubmitButton
FNF:15
FNH:0
FNDA:0,UserLogin
FNDA:0,(anonymous_1)
FNDA:0,(anonymous_2)
FNDA:0,validform
FNDA:0,sendRegister
FNDA:0,(anonymous_5)
FNDA:0,handleSignUp
FNDA:0,(anonymous_7)
FNDA:0,(anonymous_8)
FNDA:0,(anonymous_9)
FNDA:0,(anonymous_10)
FNDA:0,(anonymous_11)
FNDA:0,(anonymous_12)
FNDA:0,LoginResponseModal
FNDA:0,SubmitButton
DA:10,0
DA:11,0
DA:12,0
DA:13,0
DA:14,0
DA:15,0
DA:17,0
DA:18,0
DA:19,0
DA:24,0
DA:25,0
DA:26,0
DA:28,0
DA:29,0
DA:31,0
DA:32,0
DA:35,0
DA:41,0
DA:42,0
DA:44,0
DA:45,0
DA:46,0
DA:65,0
DA:67,0
DA:70,0
DA:74,0
DA:85,0
DA:96,0
DA:112,0
DA:115,0
DA:121,0
DA:135,0
DA:154,0
LF:33
LH:0
BRDA:25,0,0,0
BRDA:25,0,1,0
BRDA:25,1,0,0
BRDA:25,1,1,0
BRDA:25,1,2,0
BRDA:25,1,3,0
BRDA:28,2,0,0
BRDA:28,2,1,0
BRDA:28,3,0,0
BRDA:28,3,1,0
BRDA:31,4,0,0
BRDA:31,4,1,0
BRDA:31,5,0,0
BRDA:31,5,1,0
BRDA:72,6,0,0
BRDA:72,6,1,0
BRDA:83,7,0,0
BRDA:83,7,1,0
BRDA:94,8,0,0
BRDA:94,8,1,0
BRF:20
BRH:0
end_of_record
TN:
SF:src/Components/UserRegister.js
FN:9,UserRegister
FN:27,(anonymous_1)
FN:28,(anonymous_2)
FN:34,(anonymous_3)
FN:36,(anonymous_4)
FN:52,validForm
FN:104,sendRegisterFarmer
FN:135,sendRegisterClient
FN:156,RegisterResponseModal
FN:180,(anonymous_9)
FN:193,(anonymous_10)
FN:198,(anonymous_11)
FN:202,(anonymous_12)
FN:206,(anonymous_13)
FN:210,(anonymous_14)
FN:217,(anonymous_15)
FN:222,(anonymous_16)
FN:228,(anonymous_17)
FN:232,(anonymous_18)
FN:236,(anonymous_19)
FN:240,(anonymous_20)
FN:244,(anonymous_21)
FNF:22
FNH:0
FNDA:0,UserRegister
FNDA:0,(anonymous_1)
FNDA:0,(anonymous_2)
FNDA:0,(anonymous_3)
FNDA:0,(anonymous_4)
FNDA:0,validForm
FNDA:0,sendRegisterFarmer
FNDA:0,sendRegisterClient
FNDA:0,RegisterResponseModal
FNDA:0,(anonymous_9)
FNDA:0,(anonymous_10)
FNDA:0,(anonymous_11)
FNDA:0,(anonymous_12)
FNDA:0,(anonymous_13)
FNDA:0,(anonymous_14)
FNDA:0,(anonymous_15)
FNDA:0,(anonymous_16)
FNDA:0,(anonymous_17)
FNDA:0,(anonymous_18)
FNDA:0,(anonymous_19)
FNDA:0,(anonymous_20)
FNDA:0,(anonymous_21)
DA:10,0
DA:11,0
DA:12,0
DA:13,0
DA:14,0
DA:15,0
DA:16,0
DA:17,0
DA:18,0
DA:19,0
DA:20,0
DA:22,0
DA:23,0
DA:25,0
DA:26,0
DA:27,0
DA:28,0
DA:30,0
DA:32,0
DA:34,0
DA:36,0
DA:37,0
DA:38,0
DA:39,0
DA:42,0
DA:43,0
DA:45,0
DA:46,0
DA:48,0
DA:53,0
DA:54,0
DA:55,0
DA:56,0
DA:57,0
DA:58,0
DA:59,0
DA:60,0
DA:61,0
DA:62,0
DA:63,0
DA:64,0
DA:65,0
DA:66,0
DA:67,0
DA:68,0
DA:69,0
DA:70,0
DA:71,0
DA:72,0
DA:73,0
DA:74,0
DA:75,0
DA:76,0
DA:77,0
DA:78,0
DA:79,0
DA:80,0
DA:81,0
DA:82,0
DA:83,0
DA:84,0
DA:85,0
DA:86,0
DA:87,0
DA:88,0
DA:89,0
DA:90,0
DA:91,0
DA:92,0
DA:93,0
DA:95,0
DA:96,0
DA:98,0
DA:105,0
DA:106,0
DA:107,0
DA:120,0
DA:121,0
DA:122,0
DA:123,0
DA:125,0
DA:128,0
DA:129,0
DA:136,0
DA:137,0
DA:139,0
DA:140,0
DA:141,0
DA:143,0
DA:146,0
DA:147,0
DA:148,0
DA:152,0
DA:157,0
DA:174,0
DA:175,0
DA:177,0
DA:180,0
DA:193,0
DA:198,0
DA:202,0
DA:206,0
DA:210,0
DA:217,0
DA:222,0
DA:228,0
DA:232,0
DA:236,0
DA:240,0
DA:244,0
LF:110
LH:0
BRDA:38,0,0,0
BRDA:38,0,1,0
BRDA:42,1,0,0
BRDA:42,1,1,0
BRDA:45,2,0,0
BRDA:45,2,1,0
BRDA:54,3,0,0
BRDA:54,3,1,0
BRDA:58,4,0,0
BRDA:58,4,1,0
BRDA:62,5,0,0
BRDA:62,5,1,0
BRDA:66,6,0,0
BRDA:66,6,1,0
BRDA:70,7,0,0
BRDA:70,7,1,0
BRDA:74,8,0,0
BRDA:74,8,1,0
BRDA:78,9,0,0
BRDA:78,9,1,0
BRDA:78,10,0,0
BRDA:78,10,1,0
BRDA:82,11,0,0
BRDA:82,11,1,0
BRDA:86,12,0,0
BRDA:86,12,1,0
BRDA:90,13,0,0
BRDA:90,13,1,0
BRDA:95,14,0,0
BRDA:95,14,1,0
BRDA:123,15,0,0
BRDA:123,15,1,0
BRDA:141,16,0,0
BRDA:141,16,1,0
BRDA:174,17,0,0
BRDA:174,17,1,0
BRDA:174,18,0,0
BRDA:174,18,1,0
BRDA:179,19,0,0
BRDA:179,19,1,0
BRDA:214,20,0,0
BRDA:214,20,1,0
BRF:42
BRH:0
end_of_record
TN:
SF:src/Components/Welcome.js
FN:6,Welcome
FN:9,handleLogin
FN:13,handleSignup
FNF:3
FNH:0
FNDA:0,Welcome
FNDA:0,handleLogin
FNDA:0,handleSignup
DA:7,0
DA:10,0
DA:14,0
DA:17,0
LF:4
LH:0
BRF:0
BRH:0
end_of_record
TN:
SF:src/Components/WelcomeModal.js
FN:6,WelcomeModal
FN:9,handleLogin
FN:13,handleSignup
FNF:3
FNH:0
FNDA:0,WelcomeModal
FNDA:0,handleLogin
FNDA:0,handleSignup
DA:7,0
DA:10,0
DA:14,0
DA:17,0
LF:4
LH:0
BRF:0
BRH:0
end_of_record
TN:
SF:src/Images/DeLorean.js
FN:3,DeLorean
FNF:1
FNH:0
FNDA:0,DeLorean
DA:4,0
LF:1
LH:0
BRF:0
BRH:0
end_of_record
TN:
SF:src/Images/WelcomeFarmer.js
FN:3,WelcomeFarmer
FN:20,WelcomeFarmerModal
FN:35,WelcomeFarmerSidebar
FN:51,Defs
FNF:4
FNH:0
FNDA:0,WelcomeFarmer
FNDA:0,WelcomeFarmerModal
FNDA:0,WelcomeFarmerSidebar
FNDA:0,Defs
DA:4,0
DA:21,0
DA:36,0
DA:52,0
LF:4
LH:0
BRF:0
BRH:0
end_of_record
TN:
SF:src/Orders/Orders.js
FN:1,ProductInOrder
FN:10,Order
FN:33,User
FNF:3
FNH:0
FNDA:0,ProductInOrder
FNDA:0,Order
FNDA:0,User
DA:2,0
DA:3,0
DA:4,0
DA:5,0
DA:6,0
DA:11,0
DA:12,0
DA:13,0
DA:14,0
DA:15,0
DA:16,0
DA:17,0
DA:18,0
DA:19,0
DA:20,0
DA:21,0
DA:22,0
DA:23,0
DA:24,0
DA:25,0
DA:26,0
DA:27,0
DA:28,0
DA:29,0
DA:34,0
DA:35,0
DA:36,0
DA:37,0
DA:38,0
DA:39,0
DA:40,0
DA:41,0
DA:42,0
DA:43,0
DA:44,0
LF:35
LH:0
BRF:0
BRH:0
end_of_record
TN:
SF:src/Products/Products.js
FN:1,ProductByFarmer
FN:21,ProductByFarmerLITE
FN:31,Farmer
FN:43,Product
FNF:4
FNH:0
FNDA:0,ProductByFarmer
FNDA:0,ProductByFarmerLITE
FNDA:0,Farmer
FNDA:0,Product
DA:3,0
DA:4,0
DA:5,0
DA:6,0
DA:7,0
DA:8,0
DA:9,0
DA:10,0
DA:11,0
DA:12,0
DA:13,0
DA:14,0
DA:15,0
DA:16,0
DA:17,0
DA:18,0
DA:22,0
DA:23,0
DA:24,0
DA:25,0
DA:26,0
DA:27,0
DA:28,0
DA:32,0
DA:33,0
DA:34,0
DA:35,0
DA:36,0
DA:37,0
DA:38,0
DA:39,0
DA:40,0
DA:44,0
DA:45,0
DA:46,0
DA:47,0
LF:36
LH:0
BRF:0
BRH:0
end_of_record
TN:
SF:src/firebase-client/example.js
FNF:0
FNH:0
DA:9,0
DA:20,0
DA:21,0
LF:3
LH:0
BRF:0
BRH:0
end_of_record
TN:
SF:src/firebase-client/firebase-config.js
FNF:0
FNH:0
DA:2,0
LF:1
LH:0
BRF:0
BRH:0
end_of_record
