TN:
SF:server.js
FN:29,(anonymous_0)
FN:32,(anonymous_1)
FN:125,(anonymous_2)
FN:139,(anonymous_3)
FN:152,(anonymous_4)
FN:154,(anonymous_5)
FN:164,(anonymous_6)
FN:182,(anonymous_7)
FN:196,(anonymous_8)
FN:210,(anonymous_9)
FN:224,(anonymous_10)
FN:238,(anonymous_11)
FN:252,(anonymous_12)
FN:265,(anonymous_13)
FN:298,(anonymous_14)
FN:333,(anonymous_15)
FN:347,(anonymous_16)
FN:361,(anonymous_17)
FN:375,(anonymous_18)
FN:389,(anonymous_19)
FN:403,(anonymous_20)
FN:425,(anonymous_21)
FN:470,(anonymous_22)
FN:528,(anonymous_23)
FN:532,(anonymous_24)
FN:540,(anonymous_25)
FN:549,(anonymous_26)
FN:555,(anonymous_27)
FN:595,(anonymous_28)
FN:596,(anonymous_29)
FN:611,(anonymous_30)
FN:626,(anonymous_31)
FN:632,(anonymous_32)
FN:675,(anonymous_33)
FN:676,(anonymous_34)
FN:691,(anonymous_35)
FN:706,(anonymous_36)
FN:709,(anonymous_37)
FN:726,(anonymous_38)
FN:727,(anonymous_39)
FN:739,(anonymous_40)
FN:748,(anonymous_41)
FN:751,(anonymous_42)
FN:768,(anonymous_43)
FN:769,(anonymous_44)
FN:781,(anonymous_45)
FN:789,(anonymous_46)
FN:792,(anonymous_47)
FN:808,(anonymous_48)
FN:809,(anonymous_49)
FN:824,(anonymous_50)
FN:832,(anonymous_51)
FN:833,(anonymous_52)
FN:843,(anonymous_53)
FN:844,(anonymous_54)
FN:859,(anonymous_55)
FN:868,(anonymous_56)
FN:872,(anonymous_57)
FN:888,(anonymous_58)
FN:889,(anonymous_59)
FN:906,(anonymous_60)
FN:921,(anonymous_61)
FN:925,(anonymous_62)
FN:942,(anonymous_63)
FN:943,(anonymous_64)
FN:959,(anonymous_65)
FN:974,(anonymous_66)
FN:976,(anonymous_67)
FN:994,(anonymous_68)
FN:1004,(anonymous_69)
FN:1005,(anonymous_70)
FN:1008,(anonymous_71)
FN:1030,(anonymous_72)
FN:1044,(anonymous_73)
FN:1069,(anonymous_74)
FN:1086,(anonymous_75)
FN:1095,(anonymous_76)
FN:1110,(anonymous_77)
FN:1135,(anonymous_78)
FN:1159,(anonymous_79)
FN:1193,(anonymous_80)
FN:1216,(anonymous_81)
FN:1227,(anonymous_82)
FN:1237,(anonymous_83)
FN:1238,(anonymous_84)
FN:1280,(anonymous_85)
FN:1284,stop
FNF:87
FNH:33
FNDA:0,(anonymous_0)
FNDA:0,(anonymous_1)
FNDA:14,(anonymous_2)
FNDA:14,(anonymous_3)
FNDA:0,(anonymous_4)
FNDA:0,(anonymous_5)
FNDA:0,(anonymous_6)
FNDA:0,(anonymous_7)
FNDA:0,(anonymous_8)
FNDA:0,(anonymous_9)
FNDA:0,(anonymous_10)
FNDA:0,(anonymous_11)
FNDA:0,(anonymous_12)
FNDA:0,(anonymous_13)
FNDA:0,(anonymous_14)
FNDA:0,(anonymous_15)
FNDA:0,(anonymous_16)
FNDA:0,(anonymous_17)
FNDA:0,(anonymous_18)
FNDA:0,(anonymous_19)
FNDA:0,(anonymous_20)
FNDA:0,(anonymous_21)
FNDA:0,(anonymous_22)
FNDA:25,(anonymous_23)
FNDA:11,(anonymous_24)
FNDA:1,(anonymous_25)
FNDA:40,(anonymous_26)
FNDA:40,(anonymous_27)
FNDA:1,(anonymous_28)
FNDA:0,(anonymous_29)
FNDA:2,(anonymous_30)
FNDA:0,(anonymous_31)
FNDA:0,(anonymous_32)
FNDA:0,(anonymous_33)
FNDA:0,(anonymous_34)
FNDA:3,(anonymous_35)
FNDA:32,(anonymous_36)
FNDA:32,(anonymous_37)
FNDA:2,(anonymous_38)
FNDA:0,(anonymous_39)
FNDA:1,(anonymous_40)
FNDA:1,(anonymous_41)
FNDA:1,(anonymous_42)
FNDA:1,(anonymous_43)
FNDA:0,(anonymous_44)
FNDA:1,(anonymous_45)
FNDA:12,(anonymous_46)
FNDA:12,(anonymous_47)
FNDA:1,(anonymous_48)
FNDA:0,(anonymous_49)
FNDA:1,(anonymous_50)
FNDA:53,(anonymous_51)
FNDA:53,(anonymous_52)
FNDA:1,(anonymous_53)
FNDA:0,(anonymous_54)
FNDA:1,(anonymous_55)
FNDA:0,(anonymous_56)
FNDA:0,(anonymous_57)
FNDA:0,(anonymous_58)
FNDA:0,(anonymous_59)
FNDA:3,(anonymous_60)
FNDA:6,(anonymous_61)
FNDA:6,(anonymous_62)
FNDA:1,(anonymous_63)
FNDA:0,(anonymous_64)
FNDA:0,(anonymous_65)
FNDA:0,(anonymous_66)
FNDA:0,(anonymous_67)
FNDA:0,(anonymous_68)
FNDA:0,(anonymous_69)
FNDA:0,(anonymous_70)
FNDA:0,(anonymous_71)
FNDA:0,(anonymous_72)
FNDA:0,(anonymous_73)
FNDA:0,(anonymous_74)
FNDA:0,(anonymous_75)
FNDA:0,(anonymous_76)
FNDA:0,(anonymous_77)
FNDA:0,(anonymous_78)
FNDA:0,(anonymous_79)
FNDA:0,(anonymous_80)
FNDA:1,(anonymous_81)
FNDA:0,(anonymous_82)
FNDA:0,(anonymous_83)
FNDA:0,(anonymous_84)
FNDA:1,(anonymous_85)
FNDA:25,stop
DA:3,1
DA:4,1
DA:5,1
DA:6,1
DA:7,1
DA:8,1
DA:9,1
DA:10,1
DA:11,1
DA:12,1
DA:13,1
DA:14,1
DA:15,1
DA:16,1
DA:17,1
DA:18,1
DA:19,1
DA:20,1
DA:21,1
DA:22,1
DA:26,1
DA:27,1
DA:28,1
DA:30,0
DA:33,0
DA:36,1
DA:39,1
DA:40,1
DA:43,1
DA:44,1
DA:48,1
DA:49,1
DA:57,1
DA:66,1
DA:72,1
DA:81,1
DA:125,1
DA:127,14
DA:128,14
DA:130,14
DA:131,14
DA:133,14
DA:134,14
DA:136,14
DA:137,0
DA:139,14
DA:140,14
DA:141,0
DA:144,14
DA:145,14
DA:146,14
DA:147,14
DA:152,0
DA:153,0
DA:154,0
DA:161,1
DA:164,1
DA:165,0
DA:166,0
DA:171,1
DA:183,0
DA:184,0
DA:197,0
DA:198,0
DA:211,0
DA:212,0
DA:225,0
DA:226,0
DA:239,0
DA:240,0
DA:253,0
DA:254,0
DA:266,0
DA:269,0
DA:270,0
DA:271,0
DA:272,0
DA:277,0
DA:284,0
DA:285,0
DA:286,0
DA:287,0
DA:288,0
DA:289,0
DA:290,0
DA:291,0
DA:292,0
DA:293,0
DA:294,0
DA:295,0
DA:296,0
DA:298,0
DA:299,0
DA:300,0
DA:301,0
DA:302,0
DA:303,0
DA:304,0
DA:305,0
DA:310,0
DA:311,0
DA:322,1
DA:334,0
DA:335,0
DA:348,0
DA:349,0
DA:362,0
DA:363,0
DA:376,0
DA:377,0
DA:390,0
DA:391,0
DA:404,0
DA:405,0
DA:426,0
DA:429,0
DA:430,0
DA:431,0
DA:432,0
DA:437,0
DA:444,0
DA:445,0
DA:446,0
DA:447,0
DA:448,0
DA:449,0
DA:450,0
DA:451,0
DA:452,0
DA:453,0
DA:454,0
DA:455,0
DA:456,0
DA:457,0
DA:459,0
DA:460,0
DA:461,0
DA:462,0
DA:463,0
DA:464,0
DA:465,0
DA:466,0
DA:467,0
DA:468,0
DA:470,0
DA:471,0
DA:472,0
DA:473,0
DA:474,0
DA:475,0
DA:477,0
DA:478,0
DA:479,0
DA:484,0
DA:485,0
DA:525,1
DA:528,25
DA:532,1
DA:533,11
DA:534,11
DA:535,11
DA:540,1
DA:541,1
DA:542,1
DA:543,1
DA:544,1
DA:545,0
DA:546,0
DA:548,1
DA:549,1
DA:551,40
DA:552,40
DA:553,40
DA:555,40
DA:556,40
DA:557,40
DA:558,40
DA:559,0
DA:561,40
DA:562,0
DA:565,40
DA:594,1
DA:595,1
DA:596,0
DA:602,0
DA:603,0
DA:611,1
DA:612,2
DA:613,2
DA:614,1
DA:615,1
DA:616,1
DA:619,1
DA:620,1
DA:621,1
DA:622,1
DA:623,1
DA:625,0
DA:626,0
DA:628,0
DA:629,0
DA:630,0
DA:632,0
DA:633,0
DA:634,0
DA:635,0
DA:636,0
DA:638,0
DA:639,0
DA:642,0
DA:674,0
DA:675,0
DA:676,0
DA:682,0
DA:683,0
DA:691,1
DA:692,3
DA:693,3
DA:694,1
DA:695,1
DA:696,1
DA:699,2
DA:700,2
DA:701,2
DA:702,0
DA:703,0
DA:705,2
DA:706,2
DA:709,32
DA:710,32
DA:725,2
DA:726,2
DA:727,0
DA:730,0
DA:731,0
DA:739,1
DA:740,1
DA:741,1
DA:742,1
DA:743,1
DA:744,0
DA:745,0
DA:747,1
DA:748,1
DA:751,1
DA:752,1
DA:767,1
DA:768,1
DA:769,0
DA:772,0
DA:773,0
DA:781,1
DA:782,1
DA:783,1
DA:784,1
DA:785,0
DA:786,0
DA:788,1
DA:789,1
DA:792,12
DA:793,12
DA:807,1
DA:808,1
DA:809,0
DA:815,0
DA:816,0
DA:824,1
DA:825,1
DA:826,1
DA:827,1
DA:828,0
DA:829,0
DA:831,1
DA:832,1
DA:833,53
DA:834,53
DA:842,1
DA:843,1
DA:844,0
DA:850,0
DA:851,0
DA:859,1
DA:860,1
DA:861,1
DA:862,1
DA:863,1
DA:864,1
DA:865,1
DA:867,0
DA:868,0
DA:872,0
DA:873,0
DA:874,0
DA:875,0
DA:877,0
DA:887,0
DA:888,0
DA:889,0
DA:897,0
DA:898,0
DA:906,1
DA:907,3
DA:908,3
DA:909,2
DA:910,2
DA:911,2
DA:913,1
DA:914,1
DA:915,1
DA:916,0
DA:917,0
DA:920,1
DA:921,1
DA:925,6
DA:926,6
DA:927,6
DA:928,0
DA:931,6
DA:941,1
DA:942,1
DA:943,0
DA:949,0
DA:950,0
DA:959,1
DA:960,0
DA:961,0
DA:964,0
DA:967,0
DA:968,0
DA:969,0
DA:973,0
DA:974,0
DA:975,0
DA:976,0
DA:977,0
DA:978,0
DA:979,0
DA:985,0
DA:986,0
DA:987,0
DA:988,0
DA:989,0
DA:990,0
DA:991,0
DA:992,0
DA:994,0
DA:995,0
DA:996,0
DA:997,0
DA:999,0
DA:1000,0
DA:1004,0
DA:1005,0
DA:1006,0
DA:1007,0
DA:1008,0
DA:1010,0
DA:1011,0
DA:1016,0
DA:1017,0
DA:1020,0
DA:1021,0
DA:1030,1
DA:1031,0
DA:1032,0
DA:1035,0
DA:1038,0
DA:1039,0
DA:1040,0
DA:1042,0
DA:1044,0
DA:1045,0
DA:1046,0
DA:1047,0
DA:1048,0
DA:1049,0
DA:1050,0
DA:1051,0
DA:1052,0
DA:1058,0
DA:1059,0
DA:1060,0
DA:1062,0
DA:1065,0
DA:1069,0
DA:1070,0
DA:1071,0
DA:1077,0
DA:1078,0
DA:1086,1
DA:1088,0
DA:1089,0
DA:1090,0
DA:1091,0
DA:1092,0
DA:1095,0
DA:1096,0
DA:1100,0
DA:1101,0
DA:1106,0
DA:1110,1
DA:1112,0
DA:1113,0
DA:1114,0
DA:1117,0
DA:1119,0
DA:1121,0
DA:1122,0
DA:1123,0
DA:1126,0
DA:1129,0
DA:1130,0
DA:1131,0
DA:1135,0
DA:1136,0
DA:1137,0
DA:1141,0
DA:1142,0
DA:1143,0
DA:1144,0
DA:1148,0
DA:1149,0
DA:1159,1
DA:1160,0
DA:1161,0
DA:1162,0
DA:1163,0
DA:1164,0
DA:1165,0
DA:1166,0
DA:1167,0
DA:1168,0
DA:1169,0
DA:1172,0
DA:1176,0
DA:1180,0
DA:1183,0
DA:1184,0
DA:1193,1
DA:1195,0
DA:1196,0
DA:1197,0
DA:1200,0
DA:1203,0
DA:1206,0
DA:1207,0
DA:1216,1
DA:1217,1
DA:1218,1
DA:1219,1
DA:1220,1
DA:1221,0
DA:1225,1
DA:1229,0
DA:1233,0
DA:1234,0
DA:1237,0
DA:1238,0
DA:1239,0
DA:1244,0
DA:1249,0
DA:1251,0
DA:1252,0
DA:1254,0
DA:1255,0
DA:1258,0
DA:1265,0
DA:1270,0
DA:1273,0
DA:1275,0
DA:1280,1
DA:1281,1
DA:1285,25
DA:1289,1
DA:1290,1
LF:475
LH:174
BRDA:136,0,0,0
BRDA:136,0,1,14
BRDA:140,1,0,0
BRDA:140,1,1,14
BRDA:269,2,0,0
BRDA:269,2,1,0
BRDA:301,3,0,0
BRDA:301,3,1,0
BRDA:429,4,0,0
BRDA:429,4,1,0
BRDA:473,5,0,0
BRDA:473,5,1,0
BRDA:533,6,0,11
BRDA:533,6,1,0
BRDA:544,7,0,0
BRDA:544,7,1,1
BRDA:558,8,0,0
BRDA:558,8,1,40
BRDA:561,9,0,0
BRDA:561,9,1,40
BRDA:612,10,0,2
BRDA:612,10,1,2
BRDA:613,11,0,1
BRDA:613,11,1,1
BRDA:621,12,0,1
BRDA:621,12,1,0
BRDA:635,13,0,0
BRDA:635,13,1,0
BRDA:638,14,0,0
BRDA:638,14,1,0
BRDA:692,15,0,3
BRDA:692,15,1,3
BRDA:693,16,0,1
BRDA:693,16,1,2
BRDA:701,17,0,0
BRDA:701,17,1,2
BRDA:740,18,0,1
BRDA:740,18,1,1
BRDA:743,19,0,0
BRDA:743,19,1,1
BRDA:784,20,0,0
BRDA:784,20,1,1
BRDA:827,21,0,0
BRDA:827,21,1,1
BRDA:860,22,0,1
BRDA:860,22,1,1
BRDA:863,23,0,1
BRDA:863,23,1,0
BRDA:874,24,0,0
BRDA:874,24,1,0
BRDA:907,25,0,3
BRDA:907,25,1,3
BRDA:908,26,0,2
BRDA:908,26,1,1
BRDA:915,27,0,0
BRDA:915,27,1,1
BRDA:927,28,0,0
BRDA:927,28,1,6
BRDA:967,29,0,0
BRDA:967,29,1,0
BRDA:977,30,0,0
BRDA:977,30,1,0
BRDA:977,31,0,0
BRDA:977,31,1,0
BRDA:1006,32,0,0
BRDA:1006,32,1,0
BRDA:1039,33,0,0
BRDA:1039,33,1,0
BRDA:1051,34,0,0
BRDA:1051,34,1,0
BRDA:1090,35,0,0
BRDA:1090,35,1,0
BRDA:1121,36,0,0
BRDA:1121,36,1,0
BRDA:1129,37,0,0
BRDA:1129,37,1,0
BRDA:1136,38,0,0
BRDA:1136,38,1,0
BRDA:1136,39,0,0
BRDA:1136,39,1,0
BRDA:1160,40,0,0
BRDA:1160,40,1,0
BRDA:1163,41,0,0
BRDA:1163,41,1,0
BRDA:1195,42,0,0
BRDA:1195,42,1,0
BRDA:1217,43,0,1
BRDA:1217,43,1,1
BRDA:1219,44,0,1
BRDA:1219,44,1,0
BRF:90
BRH:33
end_of_record
TN:
SF:userDAO.js
FN:5,(anonymous_0)
FN:17,(anonymous_1)
FNF:2
FNH:1
FNDA:14,(anonymous_0)
FNDA:0,(anonymous_1)
DA:3,1
DA:5,1
DA:6,14
DA:17,1
DA:18,0
LF:5
LH:4
BRF:0
BRH:0
end_of_record
TN:
SF:firebase-server/config.js
FNF:0
FNH:0
DA:1,1
LF:1
LH:1
BRF:0
BRH:0
end_of_record
