TN:
SF:server.js
FN:45,(anonymous_0)
FN:48,(anonymous_1)
FN:187,(anonymous_2)
FN:201,(anonymous_3)
FN:214,(anonymous_4)
FN:216,(anonymous_5)
FN:226,(anonymous_6)
FN:244,(anonymous_7)
FN:258,(anonymous_8)
FN:272,(anonymous_9)
FN:286,(anonymous_10)
FN:300,(anonymous_11)
FN:314,(anonymous_12)
FN:327,(anonymous_13)
FN:361,(anonymous_14)
FN:394,(anonymous_15)
FN:408,(anonymous_16)
FN:422,(anonymous_17)
FN:436,(anonymous_18)
FN:450,(anonymous_19)
FN:464,(anonymous_20)
FN:486,(anonymous_21)
FN:531,(anonymous_22)
FN:556,(anonymous_23)
FN:564,(anonymous_24)
FN:565,(anonymous_25)
FN:575,(anonymous_26)
FN:576,(anonymous_27)
FN:591,(anonymous_28)
FN:612,(anonymous_29)
FN:618,(anonymous_30)
FN:666,(anonymous_31)
FN:666,(anonymous_32)
FN:668,(anonymous_33)
FN:683,(anonymous_34)
FN:691,(anonymous_35)
FN:694,(anonymous_36)
FN:710,(anonymous_37)
FN:711,(anonymous_38)
FN:741,(anonymous_39)
FN:745,(anonymous_40)
FN:753,(anonymous_41)
FN:779,(anonymous_42)
FN:785,(anonymous_43)
FN:836,(anonymous_44)
FN:836,(anonymous_45)
FN:838,(anonymous_46)
FN:853,(anonymous_47)
FN:868,(anonymous_48)
FN:871,(anonymous_49)
FN:888,(anonymous_50)
FN:889,(anonymous_51)
FN:901,(anonymous_52)
FN:910,(anonymous_53)
FN:913,(anonymous_54)
FN:930,(anonymous_55)
FN:931,(anonymous_56)
FN:943,(anonymous_57)
FN:955,(anonymous_58)
FN:959,(anonymous_59)
FN:982,(anonymous_60)
FN:982,(anonymous_61)
FN:984,(anonymous_62)
FN:1001,(anonymous_63)
FN:1017,(anonymous_64)
FN:1021,(anonymous_65)
FN:1044,(anonymous_66)
FN:1044,(anonymous_67)
FN:1046,(anonymous_68)
FN:1061,(anonymous_69)
FN:1076,(anonymous_70)
FN:1085,(anonymous_71)
FN:1106,(anonymous_72)
FN:1107,(anonymous_73)
FN:1122,(anonymous_74)
FN:1140,(anonymous_75)
FN:1144,(anonymous_76)
FN:1166,(anonymous_77)
FN:1171,(anonymous_78)
FN:1186,(anonymous_79)
FN:1206,(anonymous_80)
FN:1214,(anonymous_81)
FN:1236,(anonymous_82)
FN:1241,(anonymous_83)
FN:1257,(anonymous_84)
FN:1294,(anonymous_85)
FN:1336,(anonymous_86)
FN:1347,(anonymous_87)
FN:1348,(anonymous_88)
FN:1351,(anonymous_89)
FN:1378,(anonymous_90)
FN:1405,(anonymous_91)
FN:1435,(anonymous_92)
FN:1464,(anonymous_93)
FN:1474,(anonymous_94)
FN:1497,(anonymous_95)
FN:1502,(anonymous_96)
FN:1545,(anonymous_97)
FN:1549,(anonymous_98)
FN:1554,(anonymous_99)
FN:1603,(anonymous_100)
FN:1606,(anonymous_101)
FN:1631,(anonymous_102)
FN:1645,(anonymous_103)
FN:1670,(anonymous_104)
FN:1687,(anonymous_105)
FN:1696,(anonymous_106)
FN:1711,(anonymous_107)
FN:1737,(anonymous_108)
FN:1759,(anonymous_109)
FN:1814,(anonymous_110)
FN:1842,(anonymous_111)
FN:1865,(anonymous_112)
FN:1879,(anonymous_113)
FN:1895,(anonymous_114)
FN:1899,(anonymous_115)
FN:1906,(anonymous_116)
FN:1935,(anonymous_117)
FN:1935,(anonymous_118)
FN:1937,(anonymous_119)
FN:1960,(anonymous_120)
FN:1982,(anonymous_121)
FN:2043,(anonymous_122)
FN:2053,(anonymous_123)
FN:2054,(anonymous_124)
FN:2096,(anonymous_125)
FN:2100,stop
FNF:127
FNH:95
FNDA:0,(anonymous_0)
FNDA:0,(anonymous_1)
FNDA:37,(anonymous_2)
FNDA:36,(anonymous_3)
FNDA:0,(anonymous_4)
FNDA:0,(anonymous_5)
FNDA:1,(anonymous_6)
FNDA:8,(anonymous_7)
FNDA:8,(anonymous_8)
FNDA:8,(anonymous_9)
FNDA:8,(anonymous_10)
FNDA:8,(anonymous_11)
FNDA:8,(anonymous_12)
FNDA:8,(anonymous_13)
FNDA:2,(anonymous_14)
FNDA:3,(anonymous_15)
FNDA:3,(anonymous_16)
FNDA:3,(anonymous_17)
FNDA:3,(anonymous_18)
FNDA:3,(anonymous_19)
FNDA:3,(anonymous_20)
FNDA:3,(anonymous_21)
FNDA:2,(anonymous_22)
FNDA:1,(anonymous_23)
FNDA:53,(anonymous_24)
FNDA:53,(anonymous_25)
FNDA:1,(anonymous_26)
FNDA:0,(anonymous_27)
FNDA:1,(anonymous_28)
FNDA:72,(anonymous_29)
FNDA:72,(anonymous_30)
FNDA:1,(anonymous_31)
FNDA:72,(anonymous_32)
FNDA:0,(anonymous_33)
FNDA:1,(anonymous_34)
FNDA:6,(anonymous_35)
FNDA:6,(anonymous_36)
FNDA:1,(anonymous_37)
FNDA:0,(anonymous_38)
FNDA:47,(anonymous_39)
FNDA:13,(anonymous_40)
FNDA:2,(anonymous_41)
FNDA:41,(anonymous_42)
FNDA:41,(anonymous_43)
FNDA:1,(anonymous_44)
FNDA:41,(anonymous_45)
FNDA:0,(anonymous_46)
FNDA:3,(anonymous_47)
FNDA:32,(anonymous_48)
FNDA:32,(anonymous_49)
FNDA:2,(anonymous_50)
FNDA:0,(anonymous_51)
FNDA:1,(anonymous_52)
FNDA:1,(anonymous_53)
FNDA:1,(anonymous_54)
FNDA:1,(anonymous_55)
FNDA:0,(anonymous_56)
FNDA:1,(anonymous_57)
FNDA:13,(anonymous_58)
FNDA:13,(anonymous_59)
FNDA:1,(anonymous_60)
FNDA:13,(anonymous_61)
FNDA:0,(anonymous_62)
FNDA:3,(anonymous_63)
FNDA:28,(anonymous_64)
FNDA:28,(anonymous_65)
FNDA:2,(anonymous_66)
FNDA:28,(anonymous_67)
FNDA:0,(anonymous_68)
FNDA:2,(anonymous_69)
FNDA:2,(anonymous_70)
FNDA:0,(anonymous_71)
FNDA:0,(anonymous_72)
FNDA:0,(anonymous_73)
FNDA:2,(anonymous_74)
FNDA:3,(anonymous_75)
FNDA:2,(anonymous_76)
FNDA:1,(anonymous_77)
FNDA:0,(anonymous_78)
FNDA:2,(anonymous_79)
FNDA:3,(anonymous_80)
FNDA:2,(anonymous_81)
FNDA:1,(anonymous_82)
FNDA:0,(anonymous_83)
FNDA:1,(anonymous_84)
FNDA:1,(anonymous_85)
FNDA:1,(anonymous_86)
FNDA:0,(anonymous_87)
FNDA:0,(anonymous_88)
FNDA:0,(anonymous_89)
FNDA:1,(anonymous_90)
FNDA:0,(anonymous_91)
FNDA:1,(anonymous_92)
FNDA:2,(anonymous_93)
FNDA:0,(anonymous_94)
FNDA:1,(anonymous_95)
FNDA:0,(anonymous_96)
FNDA:1,(anonymous_97)
FNDA:0,(anonymous_98)
FNDA:0,(anonymous_99)
FNDA:0,(anonymous_100)
FNDA:0,(anonymous_101)
FNDA:2,(anonymous_102)
FNDA:1,(anonymous_103)
FNDA:1,(anonymous_104)
FNDA:1,(anonymous_105)
FNDA:1,(anonymous_106)
FNDA:1,(anonymous_107)
FNDA:14,(anonymous_108)
FNDA:3,(anonymous_109)
FNDA:1,(anonymous_110)
FNDA:1,(anonymous_111)
FNDA:1,(anonymous_112)
FNDA:2,(anonymous_113)
FNDA:14,(anonymous_114)
FNDA:14,(anonymous_115)
FNDA:0,(anonymous_116)
FNDA:1,(anonymous_117)
FNDA:14,(anonymous_118)
FNDA:0,(anonymous_119)
FNDA:3,(anonymous_120)
FNDA:1,(anonymous_121)
FNDA:0,(anonymous_122)
FNDA:0,(anonymous_123)
FNDA:0,(anonymous_124)
FNDA:1,(anonymous_125)
FNDA:64,stop
DA:3,1
DA:4,1
DA:5,1
DA:6,1
DA:7,1
DA:8,1
DA:9,1
DA:10,1
DA:11,1
DA:12,1
DA:13,1
DA:15,1
DA:16,1
DA:17,1
DA:19,1
DA:20,1
DA:21,1
DA:22,1
DA:23,1
DA:24,1
DA:25,1
DA:26,1
DA:27,1
DA:28,1
DA:29,1
DA:30,1
DA:31,1
DA:32,1
DA:33,1
DA:34,1
DA:35,1
DA:36,1
DA:38,1
DA:42,1
DA:43,1
DA:44,1
DA:46,0
DA:49,0
DA:52,1
DA:59,1
DA:60,1
DA:63,1
DA:64,1
DA:68,1
DA:69,1
DA:77,1
DA:86,1
DA:92,1
DA:99,1
DA:105,1
DA:111,1
DA:124,1
DA:187,1
DA:189,37
DA:190,37
DA:192,37
DA:193,37
DA:195,37
DA:196,37
DA:198,37
DA:199,1
DA:201,36
DA:202,36
DA:203,1
DA:206,35
DA:207,35
DA:208,35
DA:209,35
DA:214,0
DA:215,0
DA:216,0
DA:223,1
DA:226,1
DA:227,1
DA:228,1
DA:233,1
DA:245,8
DA:246,8
DA:259,8
DA:260,8
DA:273,8
DA:274,8
DA:287,8
DA:288,8
DA:301,8
DA:302,8
DA:315,8
DA:316,8
DA:328,8
DA:331,8
DA:332,6
DA:333,6
DA:334,6
DA:339,6
DA:346,2
DA:347,2
DA:348,2
DA:349,2
DA:350,2
DA:351,2
DA:352,2
DA:353,2
DA:354,2
DA:355,2
DA:356,2
DA:357,2
DA:358,2
DA:359,2
DA:361,2
DA:362,2
DA:363,2
DA:364,2
DA:365,1
DA:366,1
DA:367,1
DA:368,1
DA:373,0
DA:374,0
DA:383,1
DA:395,3
DA:396,3
DA:409,3
DA:410,3
DA:423,3
DA:424,3
DA:437,3
DA:438,3
DA:451,3
DA:452,3
DA:465,3
DA:466,3
DA:487,3
DA:490,3
DA:491,1
DA:492,1
DA:493,1
DA:498,1
DA:505,2
DA:506,2
DA:507,2
DA:508,2
DA:509,2
DA:510,2
DA:511,2
DA:512,2
DA:513,2
DA:514,2
DA:515,2
DA:516,2
DA:517,2
DA:518,2
DA:520,2
DA:521,2
DA:522,2
DA:523,2
DA:524,2
DA:525,2
DA:526,2
DA:527,2
DA:528,2
DA:529,2
DA:531,2
DA:532,2
DA:533,2
DA:534,2
DA:535,1
DA:536,1
DA:538,1
DA:539,1
DA:540,1
DA:545,0
DA:546,0
DA:556,1
DA:557,1
DA:558,1
DA:559,1
DA:560,0
DA:561,0
DA:563,1
DA:564,1
DA:565,53
DA:566,53
DA:574,1
DA:575,1
DA:576,0
DA:582,0
DA:583,0
DA:591,1
DA:592,1
DA:594,1
DA:595,1
DA:596,0
DA:599,1
DA:600,1
DA:605,1
DA:606,1
DA:607,1
DA:608,0
DA:609,0
DA:611,1
DA:612,1
DA:614,72
DA:615,72
DA:618,72
DA:619,72
DA:620,72
DA:621,72
DA:622,0
DA:624,72
DA:625,0
DA:627,72
DA:629,72
DA:636,0
DA:665,1
DA:666,72
DA:667,1
DA:668,0
DA:674,0
DA:675,0
DA:683,1
DA:684,1
DA:685,1
DA:686,1
DA:687,0
DA:688,0
DA:690,1
DA:691,1
DA:694,6
DA:695,6
DA:709,1
DA:710,1
DA:711,0
DA:717,0
DA:718,0
DA:738,1
DA:741,47
DA:745,1
DA:746,13
DA:747,13
DA:748,13
DA:753,1
DA:754,2
DA:755,2
DA:756,2
DA:758,2
DA:759,0
DA:760,0
DA:762,2
DA:764,2
DA:766,2
DA:767,1
DA:768,1
DA:769,1
DA:772,1
DA:773,1
DA:774,1
DA:775,0
DA:776,0
DA:778,1
DA:779,1
DA:781,41
DA:782,41
DA:785,41
DA:786,41
DA:787,41
DA:788,41
DA:789,0
DA:791,41
DA:792,0
DA:795,41
DA:797,41
DA:802,0
DA:835,1
DA:836,41
DA:837,1
DA:838,0
DA:844,0
DA:845,0
DA:853,1
DA:854,3
DA:855,3
DA:856,1
DA:857,1
DA:858,1
DA:861,2
DA:862,2
DA:863,2
DA:864,0
DA:865,0
DA:867,2
DA:868,2
DA:871,32
DA:872,32
DA:887,2
DA:888,2
DA:889,0
DA:892,0
DA:893,0
DA:901,1
DA:902,1
DA:903,1
DA:904,1
DA:905,1
DA:906,0
DA:907,0
DA:909,1
DA:910,1
DA:913,1
DA:914,1
DA:929,1
DA:930,1
DA:931,0
DA:934,0
DA:935,0
DA:943,1
DA:944,1
DA:945,1
DA:948,1
DA:949,1
DA:950,1
DA:951,0
DA:952,0
DA:954,1
DA:955,1
DA:959,13
DA:960,13
DA:961,13
DA:962,0
DA:964,13
DA:966,0
DA:978,13
DA:981,1
DA:982,13
DA:983,1
DA:984,0
DA:992,0
DA:993,0
DA:1001,1
DA:1002,3
DA:1003,3
DA:1004,3
DA:1005,1
DA:1006,1
DA:1007,1
DA:1009,2
DA:1010,2
DA:1011,2
DA:1012,0
DA:1013,0
DA:1016,2
DA:1017,2
DA:1021,28
DA:1022,28
DA:1023,28
DA:1024,0
DA:1027,28
DA:1028,28
DA:1041,0
DA:1044,28
DA:1045,2
DA:1046,0
DA:1052,0
DA:1053,0
DA:1061,1
DA:1062,2
DA:1063,2
DA:1064,1
DA:1065,1
DA:1066,1
DA:1068,1
DA:1069,1
DA:1070,1
DA:1071,1
DA:1072,0
DA:1073,0
DA:1075,1
DA:1076,1
DA:1077,2
DA:1079,2
DA:1085,0
DA:1086,0
DA:1087,0
DA:1088,0
DA:1090,0
DA:1105,1
DA:1106,0
DA:1107,0
DA:1113,1
DA:1114,1
DA:1122,1
DA:1123,2
DA:1124,2
DA:1125,1
DA:1126,1
DA:1127,1
DA:1130,1
DA:1132,1
DA:1133,1
DA:1134,1
DA:1135,0
DA:1136,0
DA:1139,1
DA:1140,1
DA:1141,3
DA:1143,3
DA:1144,2
DA:1145,2
DA:1146,2
DA:1147,0
DA:1150,2
DA:1165,1
DA:1167,1
DA:1168,0
DA:1169,1
DA:1171,0
DA:1177,0
DA:1178,0
DA:1186,1
DA:1187,2
DA:1188,2
DA:1189,1
DA:1190,1
DA:1191,1
DA:1194,1
DA:1195,1
DA:1196,1
DA:1198,1
DA:1199,1
DA:1200,1
DA:1201,0
DA:1202,0
DA:1205,1
DA:1206,1
DA:1207,3
DA:1208,3
DA:1209,3
DA:1210,2
DA:1212,3
DA:1213,3
DA:1214,2
DA:1215,2
DA:1216,2
DA:1217,0
DA:1220,2
DA:1235,1
DA:1237,1
DA:1238,0
DA:1239,1
DA:1241,0
DA:1247,0
DA:1248,0
DA:1257,1
DA:1259,1
DA:1260,1
DA:1261,1
DA:1262,0
DA:1264,1
DA:1265,1
DA:1267,1
DA:1269,1
DA:1270,1
DA:1271,1
DA:1272,1
DA:1274,1
DA:1275,0
DA:1276,0
DA:1280,1
DA:1281,1
DA:1282,0
DA:1283,0
DA:1284,0
DA:1285,0
DA:1286,0
DA:1287,0
DA:1288,0
DA:1292,1
DA:1293,1
DA:1294,1
DA:1295,1
DA:1296,1
DA:1297,1
DA:1298,0
DA:1300,1
DA:1301,0
DA:1302,0
DA:1306,0
DA:1308,0
DA:1309,0
DA:1310,0
DA:1311,0
DA:1316,1
DA:1317,1
DA:1318,1
DA:1319,1
DA:1320,1
DA:1321,1
DA:1322,1
DA:1323,1
DA:1324,1
DA:1325,1
DA:1326,1
DA:1327,1
DA:1328,1
DA:1331,1
DA:1332,0
DA:1333,0
DA:1336,1
DA:1337,1
DA:1339,1
DA:1341,0
DA:1342,0
DA:1347,1
DA:1348,0
DA:1349,0
DA:1350,0
DA:1351,0
DA:1352,0
DA:1353,0
DA:1358,1
DA:1359,1
DA:1362,0
DA:1363,0
DA:1370,0
DA:1378,1
DA:1380,1
DA:1381,1
DA:1382,1
DA:1383,0
DA:1384,0
DA:1387,1
DA:1388,1
DA:1389,1
DA:1390,1
DA:1394,0
DA:1395,0
DA:1400,1
DA:1405,1
DA:1407,0
DA:1408,0
DA:1409,0
DA:1410,0
DA:1411,0
DA:1414,0
DA:1415,0
DA:1416,0
DA:1417,0
DA:1421,0
DA:1422,0
DA:1427,0
DA:1435,1
DA:1436,1
DA:1437,1
DA:1438,1
DA:1440,1
DA:1441,1
DA:1443,1
DA:1444,1
DA:1452,1
DA:1455,1
DA:1457,1
DA:1458,1
DA:1459,1
DA:1460,0
DA:1461,0
DA:1463,1
DA:1464,1
DA:1465,2
DA:1466,2
DA:1467,2
DA:1469,0
DA:1472,2
DA:1473,1
DA:1474,0
DA:1475,0
DA:1483,1
DA:1484,1
DA:1485,1
DA:1487,0
DA:1488,0
DA:1497,1
DA:1498,1
DA:1499,1
DA:1500,1
DA:1501,0
DA:1503,0
DA:1504,0
DA:1505,0
DA:1508,0
DA:1509,0
DA:1510,0
DA:1511,0
DA:1515,0
DA:1517,0
DA:1518,0
DA:1519,0
DA:1524,0
DA:1525,0
DA:1527,0
DA:1528,0
DA:1529,0
DA:1535,0
DA:1536,0
DA:1545,1
DA:1546,1
DA:1547,1
DA:1549,0
DA:1554,0
DA:1560,0
DA:1561,0
DA:1570,1
DA:1573,0
DA:1575,0
DA:1579,0
DA:1580,0
DA:1581,0
DA:1584,0
DA:1585,0
DA:1594,1
DA:1597,0
DA:1598,0
DA:1600,0
DA:1601,0
DA:1603,0
DA:1605,0
DA:1606,0
DA:1607,0
DA:1608,0
DA:1609,0
DA:1610,0
DA:1611,0
DA:1612,0
DA:1617,0
DA:1619,0
DA:1620,0
DA:1631,1
DA:1632,2
DA:1633,2
DA:1636,2
DA:1639,2
DA:1640,2
DA:1641,1
DA:1643,1
DA:1645,1
DA:1646,1
DA:1647,1
DA:1648,1
DA:1649,1
DA:1650,1
DA:1651,1
DA:1652,1
DA:1653,0
DA:1659,1
DA:1660,1
DA:1661,1
DA:1663,1
DA:1666,1
DA:1670,1
DA:1671,1
DA:1672,1
DA:1678,0
DA:1679,0
DA:1687,1
DA:1689,1
DA:1690,1
DA:1691,1
DA:1692,0
DA:1693,0
DA:1696,1
DA:1697,1
DA:1701,0
DA:1702,0
DA:1707,1
DA:1711,1
DA:1713,1
DA:1714,1
DA:1715,1
DA:1718,1
DA:1719,1
DA:1721,1
DA:1723,1
DA:1724,0
DA:1725,0
DA:1728,1
DA:1731,1
DA:1732,0
DA:1733,0
DA:1737,1
DA:1738,14
DA:1739,2
DA:1744,1
DA:1745,1
DA:1746,1
DA:1750,0
DA:1751,0
DA:1759,1
DA:1760,3
DA:1761,3
DA:1762,3
DA:1763,0
DA:1764,0
DA:1765,0
DA:1768,3
DA:1769,3
DA:1773,3
DA:1774,2
DA:1776,1
DA:1778,3
DA:1780,3
DA:1781,3
DA:1782,2
DA:1783,2
DA:1784,2
DA:1785,2
DA:1786,2
DA:1787,2
DA:1788,2
DA:1791,2
DA:1792,2
DA:1796,1
DA:1797,1
DA:1800,3
DA:1804,0
DA:1805,0
DA:1814,1
DA:1816,1
DA:1817,1
DA:1818,1
DA:1819,0
DA:1820,0
DA:1821,0
DA:1824,1
DA:1827,1
DA:1830,1
DA:1833,0
DA:1834,0
DA:1842,1
DA:1843,1
DA:1844,1
DA:1845,1
DA:1846,1
DA:1847,1
DA:1849,1
DA:1852,0
DA:1853,0
DA:1865,1
DA:1866,1
DA:1867,1
DA:1868,1
DA:1869,1
DA:1870,0
DA:1879,1
DA:1880,2
DA:1881,2
DA:1882,2
DA:1883,1
DA:1884,1
DA:1885,1
DA:1887,1
DA:1888,1
DA:1889,1
DA:1890,0
DA:1891,0
DA:1893,1
DA:1894,1
DA:1895,1
DA:1899,14
DA:1900,14
DA:1901,14
DA:1902,0
DA:1905,14
DA:1906,0
DA:1907,0
DA:1908,0
DA:1912,0
DA:1913,0
DA:1917,0
DA:1929,0
DA:1932,14
DA:1935,14
DA:1936,1
DA:1937,0
DA:1943,0
DA:1944,0
DA:1960,1
DA:1961,3
DA:1964,3
DA:1965,3
DA:1966,1
DA:1967,1
DA:1968,1
DA:1970,2
DA:1971,2
DA:1972,2
DA:1973,2
DA:1974,2
DA:1975,2
DA:1976,2
DA:1977,2
DA:1978,0
DA:1979,0
DA:1982,2
DA:1983,1
DA:1984,1
DA:1985,1
DA:1986,0
DA:1987,0
DA:1988,0
DA:1989,0
DA:1990,0
DA:1991,0
DA:1992,0
DA:1993,0
DA:1995,0
DA:1996,0
DA:2000,0
DA:2001,0
DA:2002,0
DA:2005,1
DA:2009,1
DA:2010,1
DA:2012,0
DA:2013,0
DA:2015,1
DA:2022,1
DA:2023,1
DA:2041,1
DA:2049,0
DA:2050,0
DA:2053,0
DA:2054,0
DA:2055,0
DA:2060,0
DA:2065,0
DA:2067,0
DA:2068,0
DA:2070,0
DA:2071,0
DA:2074,0
DA:2081,0
DA:2086,0
DA:2089,0
DA:2091,0
DA:2096,1
DA:2097,1
DA:2101,64
DA:2105,1
DA:2106,1
DA:2107,1
LF:848
LH:591
BRDA:198,0,0,1
BRDA:198,0,1,36
BRDA:202,1,0,1
BRDA:202,1,1,35
BRDA:331,2,0,6
BRDA:331,2,1,2
BRDA:364,3,0,1
BRDA:364,3,1,1
BRDA:490,4,0,1
BRDA:490,4,1,2
BRDA:534,5,0,1
BRDA:534,5,1,1
BRDA:559,6,0,0
BRDA:559,6,1,1
BRDA:595,7,0,0
BRDA:595,7,1,1
BRDA:595,8,0,1
BRDA:595,8,1,0
BRDA:607,9,0,0
BRDA:607,9,1,1
BRDA:621,10,0,0
BRDA:621,10,1,72
BRDA:624,11,0,0
BRDA:624,11,1,72
BRDA:627,12,0,72
BRDA:627,12,1,0
BRDA:686,13,0,0
BRDA:686,13,1,1
BRDA:746,14,0,13
BRDA:746,14,1,0
BRDA:754,15,0,2
BRDA:754,15,1,2
BRDA:758,16,0,0
BRDA:758,16,1,2
BRDA:758,17,0,2
BRDA:758,17,1,0
BRDA:766,18,0,1
BRDA:766,18,1,1
BRDA:774,19,0,0
BRDA:774,19,1,1
BRDA:788,20,0,0
BRDA:788,20,1,41
BRDA:791,21,0,0
BRDA:791,21,1,41
BRDA:795,22,0,41
BRDA:795,22,1,0
BRDA:854,23,0,3
BRDA:854,23,1,3
BRDA:855,24,0,1
BRDA:855,24,1,2
BRDA:863,25,0,0
BRDA:863,25,1,2
BRDA:902,26,0,1
BRDA:902,26,1,1
BRDA:905,27,0,0
BRDA:905,27,1,1
BRDA:944,28,0,1
BRDA:944,28,1,1
BRDA:950,29,0,0
BRDA:950,29,1,1
BRDA:961,30,0,0
BRDA:961,30,1,13
BRDA:964,31,0,0
BRDA:964,31,1,13
BRDA:1002,32,0,3
BRDA:1002,32,1,3
BRDA:1004,33,0,1
BRDA:1004,33,1,2
BRDA:1011,34,0,0
BRDA:1011,34,1,2
BRDA:1023,35,0,0
BRDA:1023,35,1,28
BRDA:1027,36,0,28
BRDA:1027,36,1,0
BRDA:1062,37,0,2
BRDA:1062,37,1,2
BRDA:1063,38,0,1
BRDA:1063,38,1,1
BRDA:1071,39,0,0
BRDA:1071,39,1,1
BRDA:1079,40,0,0
BRDA:1079,40,1,2
BRDA:1079,41,0,2
BRDA:1079,41,1,0
BRDA:1079,41,2,0
BRDA:1079,41,3,0
BRDA:1079,41,4,0
BRDA:1087,42,0,0
BRDA:1087,42,1,0
BRDA:1123,43,0,2
BRDA:1123,43,1,2
BRDA:1124,44,0,1
BRDA:1124,44,1,1
BRDA:1134,45,0,0
BRDA:1134,45,1,1
BRDA:1143,46,0,2
BRDA:1143,46,1,1
BRDA:1146,47,0,0
BRDA:1146,47,1,2
BRDA:1167,48,0,0
BRDA:1167,48,1,1
BRDA:1187,49,0,2
BRDA:1187,49,1,2
BRDA:1188,50,0,1
BRDA:1188,50,1,1
BRDA:1195,51,0,0
BRDA:1195,51,1,1
BRDA:1200,52,0,0
BRDA:1200,52,1,1
BRDA:1209,53,0,2
BRDA:1209,53,1,1
BRDA:1209,54,0,3
BRDA:1209,54,1,2
BRDA:1213,55,0,2
BRDA:1213,55,1,1
BRDA:1216,56,0,0
BRDA:1216,56,1,2
BRDA:1237,57,0,0
BRDA:1237,57,1,1
BRDA:1261,58,0,0
BRDA:1261,58,1,1
BRDA:1261,59,0,1
BRDA:1261,59,1,0
BRDA:1267,60,0,1
BRDA:1267,60,1,0
BRDA:1267,61,0,1
BRDA:1267,61,1,0
BRDA:1267,61,2,1
BRDA:1267,61,3,1
BRDA:1274,62,0,0
BRDA:1274,62,1,1
BRDA:1285,63,0,0
BRDA:1285,63,1,0
BRDA:1285,64,0,0
BRDA:1285,64,1,0
BRDA:1285,64,2,0
BRDA:1293,65,0,1
BRDA:1293,65,1,0
BRDA:1297,66,0,0
BRDA:1297,66,1,1
BRDA:1297,67,0,1
BRDA:1297,67,1,0
BRDA:1300,68,0,0
BRDA:1300,68,1,1
BRDA:1316,69,0,1
BRDA:1316,69,1,0
BRDA:1316,70,0,1
BRDA:1316,70,1,1
BRDA:1325,71,0,0
BRDA:1325,71,1,1
BRDA:1326,72,0,0
BRDA:1326,72,1,1
BRDA:1349,73,0,0
BRDA:1349,73,1,0
BRDA:1382,74,0,0
BRDA:1382,74,1,1
BRDA:1409,75,0,0
BRDA:1409,75,1,0
BRDA:1436,76,0,1
BRDA:1436,76,1,0
BRDA:1452,77,0,1
BRDA:1452,77,1,0
BRDA:1452,78,0,1
BRDA:1452,78,1,1
BRDA:1459,79,0,0
BRDA:1459,79,1,1
BRDA:1467,80,0,0
BRDA:1467,80,1,2
BRDA:1467,81,0,2
BRDA:1467,81,1,0
BRDA:1472,82,0,1
BRDA:1472,82,1,1
BRDA:1473,83,0,0
BRDA:1473,83,1,1
BRDA:1504,84,0,0
BRDA:1504,84,1,0
BRDA:1510,85,0,0
BRDA:1510,85,1,0
BRDA:1517,86,0,0
BRDA:1517,86,1,0
BRDA:1524,87,0,0
BRDA:1524,87,1,0
BRDA:1570,88,0,0
BRDA:1570,88,1,1
BRDA:1570,89,0,1
BRDA:1570,89,1,0
BRDA:1579,90,0,0
BRDA:1579,90,1,0
BRDA:1594,91,0,0
BRDA:1594,91,1,1
BRDA:1594,92,0,1
BRDA:1594,92,1,0
BRDA:1640,93,0,1
BRDA:1640,93,1,1
BRDA:1652,94,0,0
BRDA:1652,94,1,1
BRDA:1691,95,0,0
BRDA:1691,95,1,1
BRDA:1719,96,0,1
BRDA:1719,96,1,0
BRDA:1723,97,0,0
BRDA:1723,97,1,1
BRDA:1731,98,0,0
BRDA:1731,98,1,1
BRDA:1738,99,0,2
BRDA:1738,99,1,12
BRDA:1738,100,0,14
BRDA:1738,100,1,13
BRDA:1760,101,0,3
BRDA:1760,101,1,3
BRDA:1762,102,0,0
BRDA:1762,102,1,3
BRDA:1773,103,0,2
BRDA:1773,103,1,1
BRDA:1773,104,0,3
BRDA:1773,104,1,2
BRDA:1781,105,0,2
BRDA:1781,105,1,1
BRDA:1816,106,0,1
BRDA:1816,106,1,1
BRDA:1818,107,0,0
BRDA:1818,107,1,1
BRDA:1843,108,0,1
BRDA:1843,108,1,1
BRDA:1866,109,0,1
BRDA:1866,109,1,1
BRDA:1868,110,0,1
BRDA:1868,110,1,0
BRDA:1880,111,0,2
BRDA:1880,111,1,2
BRDA:1882,112,0,1
BRDA:1882,112,1,1
BRDA:1889,113,0,0
BRDA:1889,113,1,1
BRDA:1901,114,0,0
BRDA:1901,114,1,14
BRDA:1905,115,0,0
BRDA:1905,115,1,14
BRDA:1907,116,0,0
BRDA:1907,116,1,0
BRDA:1912,117,0,0
BRDA:1912,117,1,0
BRDA:1961,118,0,3
BRDA:1961,118,1,3
BRDA:1965,119,0,1
BRDA:1965,119,1,2
BRDA:1977,120,0,0
BRDA:1977,120,1,2
BRDA:1985,121,0,0
BRDA:1985,121,1,1
BRDA:1985,122,0,1
BRDA:1985,122,1,0
BRDA:1985,122,2,0
BRDA:1985,122,3,0
BRDA:1985,122,4,0
BRDA:1992,123,0,0
BRDA:1992,123,1,0
BRDA:2009,124,0,1
BRDA:2009,124,1,0
BRF:259
BRH:155
end_of_record
TN:
SF:userDAO.js
FN:5,(anonymous_0)
FN:17,(anonymous_1)
FNF:2
FNH:1
FNDA:36,(anonymous_0)
FNDA:0,(anonymous_1)
DA:3,1
DA:5,1
DA:6,36
DA:17,1
DA:18,0
LF:5
LH:4
BRF:0
BRH:0
end_of_record
TN:
SF:firebase-server\config.js
FNF:0
FNH:0
DA:1,1
LF:1
LH:1
BRF:0
BRH:0
end_of_record
TN:
SF:telegram\config.js
FNF:0
FNH:0
DA:1,1
LF:1
LH:1
BRF:0
BRH:0
end_of_record
